<?xml version="1.0" encoding="UTF-8"?>
<testsuite xmlns:xsi="http://www.w3.org/2001/XMLSchema-instance" xsi:noNamespaceSchemaLocation="https://maven.apache.org/surefire/maven-surefire-plugin/xsd/surefire-test-report.xsd" name="com.upgrad.FoodOrderingApp.api.controller.CustomerControllerTest" time="15.615" tests="1" errors="1" skipped="0" failures="0">
  <properties>
[...]
</properties>
  <testcase name="shouldSignUpForValidRequest" classname="com.upgrad.FoodOrderingApp.api.controller.CustomerControllerTest" time="0.273">
    <error message="Request processing failed; nested exception is java.lang.NullPointerException" type="org.springframework.web.util.NestedServletException">org.springframework.web.util.NestedServletException: Request processing failed; nested exception is java.lang.NullPointerException
	at com.upgrad.FoodOrderingApp.api.controller.CustomerControllerTest.shouldSignUpForValidRequest(CustomerControllerTest.java:50)
Caused by: java.lang.NullPointerException
	at com.upgrad.FoodOrderingApp.api.controller.CustomerControllerTest.shouldSignUpForValidRequest(CustomerControllerTest.java:50)
</error>
    <system-out><![CDATA[15:08:48.456 [main] DEBUG org.springframework.test.context.junit4.SpringJUnit4ClassRunner - SpringJUnit4ClassRunner constructor called with [class com.upgrad.FoodOrderingApp.api.controller.CustomerControllerTest]
15:08:48.466 [main] DEBUG org.springframework.test.context.BootstrapUtils - Instantiating CacheAwareContextLoaderDelegate from class [org.springframework.test.context.cache.DefaultCacheAwareContextLoaderDelegate]
15:08:48.485 [main] DEBUG org.springframework.test.context.BootstrapUtils - Instantiating BootstrapContext using constructor [public org.springframework.test.context.support.DefaultBootstrapContext(java.lang.Class,org.springframework.test.context.CacheAwareContextLoaderDelegate)]
15:08:48.534 [main] DEBUG org.springframework.test.context.BootstrapUtils - Instantiating TestContextBootstrapper for test class [com.upgrad.FoodOrderingApp.api.controller.CustomerControllerTest] from class [org.springframework.boot.test.context.SpringBootTestContextBootstrapper]
15:08:48.557 [main] INFO org.springframework.boot.test.context.SpringBootTestContextBootstrapper - Neither @ContextConfiguration nor @ContextHierarchy found for test class [com.upgrad.FoodOrderingApp.api.controller.CustomerControllerTest], using SpringBootContextLoader
15:08:48.564 [main] DEBUG org.springframework.test.context.support.AbstractContextLoader - Did not detect default resource location for test class [com.upgrad.FoodOrderingApp.api.controller.CustomerControllerTest]: class path resource [com/upgrad/FoodOrderingApp/api/controller/CustomerControllerTest-context.xml] does not exist
15:08:48.564 [main] DEBUG org.springframework.test.context.support.AbstractContextLoader - Did not detect default resource location for test class [com.upgrad.FoodOrderingApp.api.controller.CustomerControllerTest]: class path resource [com/upgrad/FoodOrderingApp/api/controller/CustomerControllerTestContext.groovy] does not exist
15:08:48.565 [main] INFO org.springframework.test.context.support.AbstractContextLoader - Could not detect default resource locations for test class [com.upgrad.FoodOrderingApp.api.controller.CustomerControllerTest]: no resource found for suffixes {-context.xml, Context.groovy}.
15:08:48.566 [main] INFO org.springframework.test.context.support.AnnotationConfigContextLoaderUtils - Could not detect default configuration classes for test class [com.upgrad.FoodOrderingApp.api.controller.CustomerControllerTest]: CustomerControllerTest does not declare any static, non-private, non-final, nested classes annotated with @Configuration.
15:08:48.670 [main] DEBUG org.springframework.test.context.support.ActiveProfilesUtils - Could not find an 'annotation declaring class' for annotation type [org.springframework.test.context.ActiveProfiles] and class [com.upgrad.FoodOrderingApp.api.controller.CustomerControllerTest]
15:08:48.683 [main] DEBUG org.springframework.core.env.StandardEnvironment - Adding PropertySource 'systemProperties' with lowest search precedence
15:08:48.683 [main] DEBUG org.springframework.core.env.StandardEnvironment - Adding PropertySource 'systemEnvironment' with lowest search precedence
15:08:48.684 [main] DEBUG org.springframework.core.env.StandardEnvironment - Initialized StandardEnvironment with PropertySources [MapPropertySource@680779399 {name='systemProperties', properties={java.runtime.name=Java(TM) SE Runtime Environment, sun.boot.library.path=C:\Program Files\Java\jdk1.8.0_271\jre\bin, java.vm.version=25.271-b09, java.vm.vendor=Oracle Corporation, java.vendor.url=http://java.oracle.com/, path.separator=;, java.vm.name=Java HotSpot(TM) 64-Bit Server VM, file.encoding.pkg=sun.io, user.country=IN, user.script=, sun.java.launcher=SUN_STANDARD, sun.os.patch.level=, java.vm.specification.name=Java Virtual Machine Specification, user.dir=S:\FoodOrderingApplication\Capstone-Backend-Project\FoodOrderingApp-api, java.runtime.version=1.8.0_271-b09, basedir=S:\FoodOrderingApplication\Capstone-Backend-Project\FoodOrderingApp-api, java.awt.graphicsenv=sun.awt.Win32GraphicsEnvironment, java.endorsed.dirs=C:\Program Files\Java\jdk1.8.0_271\jre\lib\endorsed, os.arch=amd64, surefire.real.class.path=C:\Users\SHUBHA~1\AppData\Local\Temp\surefire3826520655180966552\surefirebooter8737007644595560991.jar, java.io.tmpdir=C:\Users\SHUBHA~1\AppData\Local\Temp\, line.separator=
, java.vm.specification.vendor=Oracle Corporation, user.variant=, os.name=Windows 10, sun.jnu.encoding=Cp1252, java.library.path=C:\Program Files\Java\jdk1.8.0_271\jre\bin;C:\WINDOWS\Sun\Java\bin;C:\WINDOWS\system32;C:\WINDOWS;C:\Python39\Scripts\;C:\Python39\;C:\Program Files (x86)\Common Files\Oracle\Java\javapath;C:\oraclexe\app\oracle\product\11.2.0\server\bin;S:\app\dekumark\product\18.0.0\client_1;S:\app\dekumark\product\18.0.0\client_1\bin;C:\WINDOWS\system32;C:\WINDOWS;C:\WINDOWS\System32\Wbem;C:\WINDOWS\System32\WindowsPowerShell\v1.0\;C:\WINDOWS\System32\OpenSSH\;C:\Program Files\Java\jdk1.8.0_271\bin;C:\Program Files\Git\cmd;C:\Program Files\MongoDB\Server\4.4\bin;C:\Users\Shubham Kumar\Desktop\apache-maven-3.6.3\bin;C:\Program Files\nodejs\;C:\ProgramData\chocolatey\bin;C:\Program Files\MySQL\MySQL Shell 8.0\bin\;C:\Users\Shubham Kumar\AppData\Local\Microsoft\WindowsApps;C:\Program Files\Java\jdk1.8.0_271\bin;C:\Program Files\JetBrains\IntelliJ IDEA 2019.3.3\bin;;C:\Users\Shubham Kumar\AppData\Local\Programs\Microsoft VS Code\bin;;C:\Program Files\JetBrains\IntelliJ IDEA Community Edition 2020.2.3\bin;;C:\Users\Shubham Kumar\AppData\Roaming\npm;., surefire.test.class.path=S:\FoodOrderingApplication\Capstone-Backend-Project\FoodOrderingApp-api\target\test-classes;S:\FoodOrderingApplication\Capstone-Backend-Project\FoodOrderingApp-api\target\classes;C:\Users\Shubham Kumar\.m2\repository\org\springframework\boot\spring-boot-starter-web\2.0.1.RELEASE\spring-boot-starter-web-2.0.1.RELEASE.jar;C:\Users\Shubham Kumar\.m2\repository\org\springframework\boot\spring-boot-starter\2.0.1.RELEASE\spring-boot-starter-2.0.1.RELEASE.jar;C:\Users\Shubham Kumar\.m2\repository\org\springframework\boot\spring-boot\2.0.1.RELEASE\spring-boot-2.0.1.RELEASE.jar;C:\Users\Shubham Kumar\.m2\repository\org\springframework\boot\spring-boot-autoconfigure\2.0.1.RELEASE\spring-boot-autoconfigure-2.0.1.RELEASE.jar;C:\Users\Shubham Kumar\.m2\repository\org\springframework\boot\spring-boot-starter-logging\2.0.1.RELEASE\spring-boot-starter-logging-2.0.1.RELEASE.jar;C:\Users\Shubham Kumar\.m2\repository\org\apache\logging\log4j\log4j-to-slf4j\2.10.0\log4j-to-slf4j-2.10.0.jar;C:\Users\Shubham Kumar\.m2\repository\org\apache\logging\log4j\log4j-api\2.10.0\log4j-api-2.10.0.jar;C:\Users\Shubham Kumar\.m2\repository\org\slf4j\jul-to-slf4j\1.7.25\jul-to-slf4j-1.7.25.jar;C:\Users\Shubham Kumar\.m2\repository\javax\annotation\javax.annotation-api\1.3.2\javax.annotation-api-1.3.2.jar;C:\Users\Shubham Kumar\.m2\repository\org\yaml\snakeyaml\1.19\snakeyaml-1.19.jar;C:\Users\Shubham Kumar\.m2\repository\org\springframework\boot\spring-boot-starter-json\2.0.1.RELEASE\spring-boot-starter-json-2.0.1.RELEASE.jar;C:\Users\Shubham Kumar\.m2\repository\com\fasterxml\jackson\datatype\jackson-datatype-jdk8\2.9.5\jackson-datatype-jdk8-2.9.5.jar;C:\Users\Shubham Kumar\.m2\repository\com\fasterxml\jackson\datatype\jackson-datatype-jsr310\2.9.5\jackson-datatype-jsr310-2.9.5.jar;C:\Users\Shubham Kumar\.m2\repository\com\fasterxml\jackson\module\jackson-module-parameter-names\2.9.5\jackson-module-parameter-names-2.9.5.jar;C:\Users\Shubham Kumar\.m2\repository\org\springframework\boot\spring-boot-starter-tomcat\2.0.1.RELEASE\spring-boot-starter-tomcat-2.0.1.RELEASE.jar;C:\Users\Shubham Kumar\.m2\repository\org\apache\tomcat\embed\tomcat-embed-core\8.5.29\tomcat-embed-core-8.5.29.jar;C:\Users\Shubham Kumar\.m2\repository\org\apache\tomcat\embed\tomcat-embed-el\8.5.29\tomcat-embed-el-8.5.29.jar;C:\Users\Shubham Kumar\.m2\repository\org\apache\tomcat\embed\tomcat-embed-websocket\8.5.29\tomcat-embed-websocket-8.5.29.jar;C:\Users\Shubham Kumar\.m2\repository\org\hibernate\validator\hibernate-validator\6.0.9.Final\hibernate-validator-6.0.9.Final.jar;C:\Users\Shubham Kumar\.m2\repository\javax\validation\validation-api\2.0.1.Final\validation-api-2.0.1.Final.jar;C:\Users\Shubham Kumar\.m2\repository\org\jboss\logging\jboss-logging\3.3.2.Final\jboss-logging-3.3.2.Final.jar;C:\Users\Shubham Kumar\.m2\repository\org\springframework\spring-webmvc\5.0.5.RELEASE\spring-webmvc-5.0.5.RELEASE.jar;C:\Users\Shubham Kumar\.m2\repository\io\swagger\swagger-annotations\1.5.18\swagger-annotations-1.5.18.jar;C:\Users\Shubham Kumar\.m2\repository\io\springfox\springfox-swagger2\2.6.1\springfox-swagger2-2.6.1.jar;C:\Users\Shubham Kumar\.m2\repository\io\swagger\swagger-models\1.5.10\swagger-models-1.5.10.jar;C:\Users\Shubham Kumar\.m2\repository\io\springfox\springfox-spi\2.6.1\springfox-spi-2.6.1.jar;C:\Users\Shubham Kumar\.m2\repository\io\springfox\springfox-core\2.6.1\springfox-core-2.6.1.jar;C:\Users\Shubham Kumar\.m2\repository\io\springfox\springfox-schema\2.6.1\springfox-schema-2.6.1.jar;C:\Users\Shubham Kumar\.m2\repository\io\springfox\springfox-swagger-common\2.6.1\springfox-swagger-common-2.6.1.jar;C:\Users\Shubham Kumar\.m2\repository\io\springfox\springfox-spring-web\2.6.1\springfox-spring-web-2.6.1.jar;C:\Users\Shubham Kumar\.m2\repository\com\google\guava\guava\18.0\guava-18.0.jar;C:\Users\Shubham Kumar\.m2\repository\com\fasterxml\classmate\1.3.4\classmate-1.3.4.jar;C:\Users\Shubham Kumar\.m2\repository\org\slf4j\slf4j-api\1.7.25\slf4j-api-1.7.25.jar;C:\Users\Shubham Kumar\.m2\repository\org\springframework\plugin\spring-plugin-core\1.2.0.RELEASE\spring-plugin-core-1.2.0.RELEASE.jar;C:\Users\Shubham Kumar\.m2\repository\org\springframework\plugin\spring-plugin-metadata\1.2.0.RELEASE\spring-plugin-metadata-1.2.0.RELEASE.jar;C:\Users\Shubham Kumar\.m2\repository\org\mapstruct\mapstruct\1.0.0.Final\mapstruct-1.0.0.Final.jar;C:\Users\Shubham Kumar\.m2\repository\io\springfox\springfox-swagger-ui\2.6.1\springfox-swagger-ui-2.6.1.jar;S:\FoodOrderingApplication\Capstone-Backend-Project\FoodOrderingApp-service\target\FoodOrderingApp-service-1.0-SNAPSHOT.jar;C:\Users\Shubham Kumar\.m2\repository\org\springframework\boot\spring-boot-starter-validation\2.0.1.RELEASE\spring-boot-starter-validation-2.0.1.RELEASE.jar;C:\Users\Shubham Kumar\.m2\repository\org\springframework\boot\spring-boot-starter-data-jpa\2.0.1.RELEASE\spring-boot-starter-data-jpa-2.0.1.RELEASE.jar;C:\Users\Shubham Kumar\.m2\repository\org\springframework\boot\spring-boot-starter-aop\2.0.1.RELEASE\spring-boot-starter-aop-2.0.1.RELEASE.jar;C:\Users\Shubham Kumar\.m2\repository\org\aspectj\aspectjweaver\1.8.13\aspectjweaver-1.8.13.jar;C:\Users\Shubham Kumar\.m2\repository\org\springframework\boot\spring-boot-starter-jdbc\2.0.1.RELEASE\spring-boot-starter-jdbc-2.0.1.RELEASE.jar;C:\Users\Shubham Kumar\.m2\repository\com\zaxxer\HikariCP\2.7.8\HikariCP-2.7.8.jar;C:\Users\Shubham Kumar\.m2\repository\org\springframework\spring-jdbc\5.0.5.RELEASE\spring-jdbc-5.0.5.RELEASE.jar;C:\Users\Shubham Kumar\.m2\repository\org\hibernate\hibernate-core\5.2.16.Final\hibernate-core-5.2.16.Final.jar;C:\Users\Shubham Kumar\.m2\repository\org\hibernate\javax\persistence\hibernate-jpa-2.1-api\1.0.0.Final\hibernate-jpa-2.1-api-1.0.0.Final.jar;C:\Users\Shubham Kumar\.m2\repository\antlr\antlr\2.7.7\antlr-2.7.7.jar;C:\Users\Shubham Kumar\.m2\repository\org\jboss\jandex\2.0.3.Final\jandex-2.0.3.Final.jar;C:\Users\Shubham Kumar\.m2\repository\dom4j\dom4j\1.6.1\dom4j-1.6.1.jar;C:\Users\Shubham Kumar\.m2\repository\org\hibernate\common\hibernate-commons-annotations\5.0.1.Final\hibernate-commons-annotations-5.0.1.Final.jar;C:\Users\Shubham Kumar\.m2\repository\javax\transaction\javax.transaction-api\1.2\javax.transaction-api-1.2.jar;C:\Users\Shubham Kumar\.m2\repository\org\springframework\data\spring-data-jpa\2.0.6.RELEASE\spring-data-jpa-2.0.6.RELEASE.jar;C:\Users\Shubham Kumar\.m2\repository\org\springframework\data\spring-data-commons\2.0.6.RELEASE\spring-data-commons-2.0.6.RELEASE.jar;C:\Users\Shubham Kumar\.m2\repository\org\springframework\spring-orm\5.0.5.RELEASE\spring-orm-5.0.5.RELEASE.jar;C:\Users\Shubham Kumar\.m2\repository\org\springframework\spring-tx\5.0.5.RELEASE\spring-tx-5.0.5.RELEASE.jar;C:\Users\Shubham Kumar\.m2\repository\org\springframework\spring-aspects\5.0.5.RELEASE\spring-aspects-5.0.5.RELEASE.jar;C:\Users\Shubham Kumar\.m2\repository\org\apache\commons\commons-lang3\3.7\commons-lang3-3.7.jar;C:\Users\Shubham Kumar\.m2\repository\ch\qos\logback\logback-classic\1.2.3\logback-classic-1.2.3.jar;C:\Users\Shubham Kumar\.m2\repository\ch\qos\logback\logback-core\1.2.3\logback-core-1.2.3.jar;C:\Users\Shubham Kumar\.m2\repository\com\auth0\java-jwt\3.4.0\java-jwt-3.4.0.jar;C:\Users\Shubham Kumar\.m2\repository\commons-codec\commons-codec\1.11\commons-codec-1.11.jar;C:\Users\Shubham Kumar\.m2\repository\org\springframework\boot\spring-boot-starter-test\2.0.1.RELEASE\spring-boot-starter-test-2.0.1.RELEASE.jar;C:\Users\Shubham Kumar\.m2\repository\org\springframework\boot\spring-boot-test\2.0.1.RELEASE\spring-boot-test-2.0.1.RELEASE.jar;C:\Users\Shubham Kumar\.m2\repository\org\springframework\boot\spring-boot-test-autoconfigure\2.0.1.RELEASE\spring-boot-test-autoconfigure-2.0.1.RELEASE.jar;C:\Users\Shubham Kumar\.m2\repository\com\jayway\jsonpath\json-path\2.4.0\json-path-2.4.0.jar;C:\Users\Shubham Kumar\.m2\repository\net\minidev\json-smart\2.3\json-smart-2.3.jar;C:\Users\Shubham Kumar\.m2\repository\net\minidev\accessors-smart\1.2\accessors-smart-1.2.jar;C:\Users\Shubham Kumar\.m2\repository\org\ow2\asm\asm\5.0.4\asm-5.0.4.jar;C:\Users\Shubham Kumar\.m2\repository\junit\junit\4.12\junit-4.12.jar;C:\Users\Shubham Kumar\.m2\repository\org\assertj\assertj-core\3.9.1\assertj-core-3.9.1.jar;C:\Users\Shubham Kumar\.m2\repository\org\hamcrest\hamcrest-core\1.3\hamcrest-core-1.3.jar;C:\Users\Shubham Kumar\.m2\repository\org\hamcrest\hamcrest-library\1.3\hamcrest-library-1.3.jar;C:\Users\Shubham Kumar\.m2\repository\org\skyscreamer\jsonassert\1.5.0\jsonassert-1.5.0.jar;C:\Users\Shubham Kumar\.m2\repository\com\vaadin\external\google\android-json\0.0.20131108.vaadin1\android-json-0.0.20131108.vaadin1.jar;C:\Users\Shubham Kumar\.m2\repository\org\springframework\spring-core\5.0.5.RELEASE\spring-core-5.0.5.RELEASE.jar;C:\Users\Shubham Kumar\.m2\repository\org\springframework\spring-jcl\5.0.5.RELEASE\spring-jcl-5.0.5.RELEASE.jar;C:\Users\Shubham Kumar\.m2\repository\org\springframework\spring-test\5.0.5.RELEASE\spring-test-5.0.5.RELEASE.jar;C:\Users\Shubham Kumar\.m2\repository\org\xmlunit\xmlunit-core\2.5.1\xmlunit-core-2.5.1.jar;C:\Users\Shubham Kumar\.m2\repository\org\mockito\mockito-core\2.22.0\mockito-core-2.22.0.jar;C:\Users\Shubham Kumar\.m2\repository\net\bytebuddy\byte-buddy\1.7.11\byte-buddy-1.7.11.jar;C:\Users\Shubham Kumar\.m2\repository\net\bytebuddy\byte-buddy-agent\1.7.11\byte-buddy-agent-1.7.11.jar;C:\Users\Shubham Kumar\.m2\repository\org\objenesis\objenesis\2.6\objenesis-2.6.jar;C:\Users\Shubham Kumar\.m2\repository\org\springframework\spring-web\5.0.8.RELEASE\spring-web-5.0.8.RELEASE.jar;C:\Users\Shubham Kumar\.m2\repository\org\springframework\spring-beans\5.0.5.RELEASE\spring-beans-5.0.5.RELEASE.jar;C:\Users\Shubham Kumar\.m2\repository\com\fasterxml\jackson\core\jackson-databind\2.9.6\jackson-databind-2.9.6.jar;C:\Users\Shubham Kumar\.m2\repository\com\fasterxml\jackson\core\jackson-core\2.9.5\jackson-core-2.9.5.jar;C:\Users\Shubham Kumar\.m2\repository\com\fasterxml\jackson\core\jackson-annotations\2.9.6\jackson-annotations-2.9.6.jar;C:\Users\Shubham Kumar\.m2\repository\org\springframework\spring-context\5.0.8.RELEASE\spring-context-5.0.8.RELEASE.jar;C:\Users\Shubham Kumar\.m2\repository\org\springframework\spring-aop\5.0.5.RELEASE\spring-aop-5.0.5.RELEASE.jar;C:\Users\Shubham Kumar\.m2\repository\org\springframework\spring-expression\5.0.5.RELEASE\spring-expression-5.0.5.RELEASE.jar;C:\Users\Shubham Kumar\.m2\repository\org\postgresql\postgresql\42.2.2\postgresql-42.2.2.jar;C:\Users\Shubham Kumar\.m2\repository\javax\xml\bind\jaxb-api\2.4.0-b180830.0359\jaxb-api-2.4.0-b180830.0359.jar;C:\Users\Shubham Kumar\.m2\repository\javax\activation\javax.activation-api\1.2.0\javax.activation-api-1.2.0.jar;C:\Users\Shubham Kumar\.m2\repository\org\javassist\javassist\3.27.0-GA\javassist-3.27.0-GA.jar;, java.specification.name=Java Platform API Specification, java.class.version=52.0, sun.management.compiler=HotSpot 64-Bit Tiered Compilers, os.version=10.0, user.home=C:\Users\Shubham Kumar, user.timezone=Asia/Calcutta, java.awt.printerjob=sun.awt.windows.WPrinterJob, file.encoding=Cp1252, java.specification.version=1.8, java.class.path=S:\FoodOrderingApplication\Capstone-Backend-Project\FoodOrderingApp-api\target\test-classes;S:\FoodOrderingApplication\Capstone-Backend-Project\FoodOrderingApp-api\target\classes;C:\Users\Shubham Kumar\.m2\repository\org\springframework\boot\spring-boot-starter-web\2.0.1.RELEASE\spring-boot-starter-web-2.0.1.RELEASE.jar;C:\Users\Shubham Kumar\.m2\repository\org\springframework\boot\spring-boot-starter\2.0.1.RELEASE\spring-boot-starter-2.0.1.RELEASE.jar;C:\Users\Shubham Kumar\.m2\repository\org\springframework\boot\spring-boot\2.0.1.RELEASE\spring-boot-2.0.1.RELEASE.jar;C:\Users\Shubham Kumar\.m2\repository\org\springframework\boot\spring-boot-autoconfigure\2.0.1.RELEASE\spring-boot-autoconfigure-2.0.1.RELEASE.jar;C:\Users\Shubham Kumar\.m2\repository\org\springframework\boot\spring-boot-starter-logging\2.0.1.RELEASE\spring-boot-starter-logging-2.0.1.RELEASE.jar;C:\Users\Shubham Kumar\.m2\repository\org\apache\logging\log4j\log4j-to-slf4j\2.10.0\log4j-to-slf4j-2.10.0.jar;C:\Users\Shubham Kumar\.m2\repository\org\apache\logging\log4j\log4j-api\2.10.0\log4j-api-2.10.0.jar;C:\Users\Shubham Kumar\.m2\repository\org\slf4j\jul-to-slf4j\1.7.25\jul-to-slf4j-1.7.25.jar;C:\Users\Shubham Kumar\.m2\repository\javax\annotation\javax.annotation-api\1.3.2\javax.annotation-api-1.3.2.jar;C:\Users\Shubham Kumar\.m2\repository\org\yaml\snakeyaml\1.19\snakeyaml-1.19.jar;C:\Users\Shubham Kumar\.m2\repository\org\springframework\boot\spring-boot-starter-json\2.0.1.RELEASE\spring-boot-starter-json-2.0.1.RELEASE.jar;C:\Users\Shubham Kumar\.m2\repository\com\fasterxml\jackson\datatype\jackson-datatype-jdk8\2.9.5\jackson-datatype-jdk8-2.9.5.jar;C:\Users\Shubham Kumar\.m2\repository\com\fasterxml\jackson\datatype\jackson-datatype-jsr310\2.9.5\jackson-datatype-jsr310-2.9.5.jar;C:\Users\Shubham Kumar\.m2\repository\com\fasterxml\jackson\module\jackson-module-parameter-names\2.9.5\jackson-module-parameter-names-2.9.5.jar;C:\Users\Shubham Kumar\.m2\repository\org\springframework\boot\spring-boot-starter-tomcat\2.0.1.RELEASE\spring-boot-starter-tomcat-2.0.1.RELEASE.jar;C:\Users\Shubham Kumar\.m2\repository\org\apache\tomcat\embed\tomcat-embed-core\8.5.29\tomcat-embed-core-8.5.29.jar;C:\Users\Shubham Kumar\.m2\repository\org\apache\tomcat\embed\tomcat-embed-el\8.5.29\tomcat-embed-el-8.5.29.jar;C:\Users\Shubham Kumar\.m2\repository\org\apache\tomcat\embed\tomcat-embed-websocket\8.5.29\tomcat-embed-websocket-8.5.29.jar;C:\Users\Shubham Kumar\.m2\repository\org\hibernate\validator\hibernate-validator\6.0.9.Final\hibernate-validator-6.0.9.Final.jar;C:\Users\Shubham Kumar\.m2\repository\javax\validation\validation-api\2.0.1.Final\validation-api-2.0.1.Final.jar;C:\Users\Shubham Kumar\.m2\repository\org\jboss\logging\jboss-logging\3.3.2.Final\jboss-logging-3.3.2.Final.jar;C:\Users\Shubham Kumar\.m2\repository\org\springframework\spring-webmvc\5.0.5.RELEASE\spring-webmvc-5.0.5.RELEASE.jar;C:\Users\Shubham Kumar\.m2\repository\io\swagger\swagger-annotations\1.5.18\swagger-annotations-1.5.18.jar;C:\Users\Shubham Kumar\.m2\repository\io\springfox\springfox-swagger2\2.6.1\springfox-swagger2-2.6.1.jar;C:\Users\Shubham Kumar\.m2\repository\io\swagger\swagger-models\1.5.10\swagger-models-1.5.10.jar;C:\Users\Shubham Kumar\.m2\repository\io\springfox\springfox-spi\2.6.1\springfox-spi-2.6.1.jar;C:\Users\Shubham Kumar\.m2\repository\io\springfox\springfox-core\2.6.1\springfox-core-2.6.1.jar;C:\Users\Shubham Kumar\.m2\repository\io\springfox\springfox-schema\2.6.1\springfox-schema-2.6.1.jar;C:\Users\Shubham Kumar\.m2\repository\io\springfox\springfox-swagger-common\2.6.1\springfox-swagger-common-2.6.1.jar;C:\Users\Shubham Kumar\.m2\repository\io\springfox\springfox-spring-web\2.6.1\springfox-spring-web-2.6.1.jar;C:\Users\Shubham Kumar\.m2\repository\com\google\guava\guava\18.0\guava-18.0.jar;C:\Users\Shubham Kumar\.m2\repository\com\fasterxml\classmate\1.3.4\classmate-1.3.4.jar;C:\Users\Shubham Kumar\.m2\repository\org\slf4j\slf4j-api\1.7.25\slf4j-api-1.7.25.jar;C:\Users\Shubham Kumar\.m2\repository\org\springframework\plugin\spring-plugin-core\1.2.0.RELEASE\spring-plugin-core-1.2.0.RELEASE.jar;C:\Users\Shubham Kumar\.m2\repository\org\springframework\plugin\spring-plugin-metadata\1.2.0.RELEASE\spring-plugin-metadata-1.2.0.RELEASE.jar;C:\Users\Shubham Kumar\.m2\repository\org\mapstruct\mapstruct\1.0.0.Final\mapstruct-1.0.0.Final.jar;C:\Users\Shubham Kumar\.m2\repository\io\springfox\springfox-swagger-ui\2.6.1\springfox-swagger-ui-2.6.1.jar;S:\FoodOrderingApplication\Capstone-Backend-Project\FoodOrderingApp-service\target\FoodOrderingApp-service-1.0-SNAPSHOT.jar;C:\Users\Shubham Kumar\.m2\repository\org\springframework\boot\spring-boot-starter-validation\2.0.1.RELEASE\spring-boot-starter-validation-2.0.1.RELEASE.jar;C:\Users\Shubham Kumar\.m2\repository\org\springframework\boot\spring-boot-starter-data-jpa\2.0.1.RELEASE\spring-boot-starter-data-jpa-2.0.1.RELEASE.jar;C:\Users\Shubham Kumar\.m2\repository\org\springframework\boot\spring-boot-starter-aop\2.0.1.RELEASE\spring-boot-starter-aop-2.0.1.RELEASE.jar;C:\Users\Shubham Kumar\.m2\repository\org\aspectj\aspectjweaver\1.8.13\aspectjweaver-1.8.13.jar;C:\Users\Shubham Kumar\.m2\repository\org\springframework\boot\spring-boot-starter-jdbc\2.0.1.RELEASE\spring-boot-starter-jdbc-2.0.1.RELEASE.jar;C:\Users\Shubham Kumar\.m2\repository\com\zaxxer\HikariCP\2.7.8\HikariCP-2.7.8.jar;C:\Users\Shubham Kumar\.m2\repository\org\springframework\spring-jdbc\5.0.5.RELEASE\spring-jdbc-5.0.5.RELEASE.jar;C:\Users\Shubham Kumar\.m2\repository\org\hibernate\hibernate-core\5.2.16.Final\hibernate-core-5.2.16.Final.jar;C:\Users\Shubham Kumar\.m2\repository\org\hibernate\javax\persistence\hibernate-jpa-2.1-api\1.0.0.Final\hibernate-jpa-2.1-api-1.0.0.Final.jar;C:\Users\Shubham Kumar\.m2\repository\antlr\antlr\2.7.7\antlr-2.7.7.jar;C:\Users\Shubham Kumar\.m2\repository\org\jboss\jandex\2.0.3.Final\jandex-2.0.3.Final.jar;C:\Users\Shubham Kumar\.m2\repository\dom4j\dom4j\1.6.1\dom4j-1.6.1.jar;C:\Users\Shubham Kumar\.m2\repository\org\hibernate\common\hibernate-commons-annotations\5.0.1.Final\hibernate-commons-annotations-5.0.1.Final.jar;C:\Users\Shubham Kumar\.m2\repository\javax\transaction\javax.transaction-api\1.2\javax.transaction-api-1.2.jar;C:\Users\Shubham Kumar\.m2\repository\org\springframework\data\spring-data-jpa\2.0.6.RELEASE\spring-data-jpa-2.0.6.RELEASE.jar;C:\Users\Shubham Kumar\.m2\repository\org\springframework\data\spring-data-commons\2.0.6.RELEASE\spring-data-commons-2.0.6.RELEASE.jar;C:\Users\Shubham Kumar\.m2\repository\org\springframework\spring-orm\5.0.5.RELEASE\spring-orm-5.0.5.RELEASE.jar;C:\Users\Shubham Kumar\.m2\repository\org\springframework\spring-tx\5.0.5.RELEASE\spring-tx-5.0.5.RELEASE.jar;C:\Users\Shubham Kumar\.m2\repository\org\springframework\spring-aspects\5.0.5.RELEASE\spring-aspects-5.0.5.RELEASE.jar;C:\Users\Shubham Kumar\.m2\repository\org\apache\commons\commons-lang3\3.7\commons-lang3-3.7.jar;C:\Users\Shubham Kumar\.m2\repository\ch\qos\logback\logback-classic\1.2.3\logback-classic-1.2.3.jar;C:\Users\Shubham Kumar\.m2\repository\ch\qos\logback\logback-core\1.2.3\logback-core-1.2.3.jar;C:\Users\Shubham Kumar\.m2\repository\com\auth0\java-jwt\3.4.0\java-jwt-3.4.0.jar;C:\Users\Shubham Kumar\.m2\repository\commons-codec\commons-codec\1.11\commons-codec-1.11.jar;C:\Users\Shubham Kumar\.m2\repository\org\springframework\boot\spring-boot-starter-test\2.0.1.RELEASE\spring-boot-starter-test-2.0.1.RELEASE.jar;C:\Users\Shubham Kumar\.m2\repository\org\springframework\boot\spring-boot-test\2.0.1.RELEASE\spring-boot-test-2.0.1.RELEASE.jar;C:\Users\Shubham Kumar\.m2\repository\org\springframework\boot\spring-boot-test-autoconfigure\2.0.1.RELEASE\spring-boot-test-autoconfigure-2.0.1.RELEASE.jar;C:\Users\Shubham Kumar\.m2\repository\com\jayway\jsonpath\json-path\2.4.0\json-path-2.4.0.jar;C:\Users\Shubham Kumar\.m2\repository\net\minidev\json-smart\2.3\json-smart-2.3.jar;C:\Users\Shubham Kumar\.m2\repository\net\minidev\accessors-smart\1.2\accessors-smart-1.2.jar;C:\Users\Shubham Kumar\.m2\repository\org\ow2\asm\asm\5.0.4\asm-5.0.4.jar;C:\Users\Shubham Kumar\.m2\repository\junit\junit\4.12\junit-4.12.jar;C:\Users\Shubham Kumar\.m2\repository\org\assertj\assertj-core\3.9.1\assertj-core-3.9.1.jar;C:\Users\Shubham Kumar\.m2\repository\org\hamcrest\hamcrest-core\1.3\hamcrest-core-1.3.jar;C:\Users\Shubham Kumar\.m2\repository\org\hamcrest\hamcrest-library\1.3\hamcrest-library-1.3.jar;C:\Users\Shubham Kumar\.m2\repository\org\skyscreamer\jsonassert\1.5.0\jsonassert-1.5.0.jar;C:\Users\Shubham Kumar\.m2\repository\com\vaadin\external\google\android-json\0.0.20131108.vaadin1\android-json-0.0.20131108.vaadin1.jar;C:\Users\Shubham Kumar\.m2\repository\org\springframework\spring-core\5.0.5.RELEASE\spring-core-5.0.5.RELEASE.jar;C:\Users\Shubham Kumar\.m2\repository\org\springframework\spring-jcl\5.0.5.RELEASE\spring-jcl-5.0.5.RELEASE.jar;C:\Users\Shubham Kumar\.m2\repository\org\springframework\spring-test\5.0.5.RELEASE\spring-test-5.0.5.RELEASE.jar;C:\Users\Shubham Kumar\.m2\repository\org\xmlunit\xmlunit-core\2.5.1\xmlunit-core-2.5.1.jar;C:\Users\Shubham Kumar\.m2\repository\org\mockito\mockito-core\2.22.0\mockito-core-2.22.0.jar;C:\Users\Shubham Kumar\.m2\repository\net\bytebuddy\byte-buddy\1.7.11\byte-buddy-1.7.11.jar;C:\Users\Shubham Kumar\.m2\repository\net\bytebuddy\byte-buddy-agent\1.7.11\byte-buddy-agent-1.7.11.jar;C:\Users\Shubham Kumar\.m2\repository\org\objenesis\objenesis\2.6\objenesis-2.6.jar;C:\Users\Shubham Kumar\.m2\repository\org\springframework\spring-web\5.0.8.RELEASE\spring-web-5.0.8.RELEASE.jar;C:\Users\Shubham Kumar\.m2\repository\org\springframework\spring-beans\5.0.5.RELEASE\spring-beans-5.0.5.RELEASE.jar;C:\Users\Shubham Kumar\.m2\repository\com\fasterxml\jackson\core\jackson-databind\2.9.6\jackson-databind-2.9.6.jar;C:\Users\Shubham Kumar\.m2\repository\com\fasterxml\jackson\core\jackson-core\2.9.5\jackson-core-2.9.5.jar;C:\Users\Shubham Kumar\.m2\repository\com\fasterxml\jackson\core\jackson-annotations\2.9.6\jackson-annotations-2.9.6.jar;C:\Users\Shubham Kumar\.m2\repository\org\springframework\spring-context\5.0.8.RELEASE\spring-context-5.0.8.RELEASE.jar;C:\Users\Shubham Kumar\.m2\repository\org\springframework\spring-aop\5.0.5.RELEASE\spring-aop-5.0.5.RELEASE.jar;C:\Users\Shubham Kumar\.m2\repository\org\springframework\spring-expression\5.0.5.RELEASE\spring-expression-5.0.5.RELEASE.jar;C:\Users\Shubham Kumar\.m2\repository\org\postgresql\postgresql\42.2.2\postgresql-42.2.2.jar;C:\Users\Shubham Kumar\.m2\repository\javax\xml\bind\jaxb-api\2.4.0-b180830.0359\jaxb-api-2.4.0-b180830.0359.jar;C:\Users\Shubham Kumar\.m2\repository\javax\activation\javax.activation-api\1.2.0\javax.activation-api-1.2.0.jar;C:\Users\Shubham Kumar\.m2\repository\org\javassist\javassist\3.27.0-GA\javassist-3.27.0-GA.jar;, user.name=Shubham Kumar, java.vm.specification.version=1.8, sun.java.command=C:\Users\SHUBHA~1\AppData\Local\Temp\surefire3826520655180966552\surefirebooter8737007644595560991.jar C:\Users\Shubham Kumar\AppData\Local\Temp\surefire3826520655180966552 2021-03-30T15-08-38_576-jvmRun1 surefire8643159605225432068tmp surefire_04322580535167382493tmp, java.home=C:\Program Files\Java\jdk1.8.0_271\jre, sun.arch.data.model=64, user.language=en, java.specification.vendor=Oracle Corporation, awt.toolkit=sun.awt.windows.WToolkit, java.vm.info=mixed mode, java.version=1.8.0_271, java.ext.dirs=C:\Program Files\Java\jdk1.8.0_271\jre\lib\ext;C:\WINDOWS\Sun\Java\lib\ext, sun.boot.class.path=C:\Program Files\Java\jdk1.8.0_271\jre\lib\resources.jar;C:\Program Files\Java\jdk1.8.0_271\jre\lib\rt.jar;C:\Program Files\Java\jdk1.8.0_271\jre\lib\sunrsasign.jar;C:\Program Files\Java\jdk1.8.0_271\jre\lib\jsse.jar;C:\Program Files\Java\jdk1.8.0_271\jre\lib\jce.jar;C:\Program Files\Java\jdk1.8.0_271\jre\lib\charsets.jar;C:\Program Files\Java\jdk1.8.0_271\jre\lib\jfr.jar;C:\Program Files\Java\jdk1.8.0_271\jre\classes, java.vendor=Oracle Corporation, localRepository=C:\Users\Shubham Kumar\.m2\repository, file.separator=\, java.vendor.url.bug=http://bugreport.sun.com/bugreport/, sun.io.unicode.encoding=UnicodeLittle, sun.cpu.endian=little, sun.desktop=windows, sun.cpu.isalist=amd64}}, SystemEnvironmentPropertySource@1439337960 {name='systemEnvironment', properties={PATH=C:\Python39\Scripts\;C:\Python39\;C:\Program Files (x86)\Common Files\Oracle\Java\javapath;C:\oraclexe\app\oracle\product\11.2.0\server\bin;S:\app\dekumark\product\18.0.0\client_1;S:\app\dekumark\product\18.0.0\client_1\bin;C:\WINDOWS\system32;C:\WINDOWS;C:\WINDOWS\System32\Wbem;C:\WINDOWS\System32\WindowsPowerShell\v1.0\;C:\WINDOWS\System32\OpenSSH\;C:\Program Files\Java\jdk1.8.0_271\bin;C:\Program Files\Git\cmd;C:\Program Files\MongoDB\Server\4.4\bin;C:\Users\Shubham Kumar\Desktop\apache-maven-3.6.3\bin;C:\Program Files\nodejs\;C:\ProgramData\chocolatey\bin;C:\Program Files\MySQL\MySQL Shell 8.0\bin\;C:\Users\Shubham Kumar\AppData\Local\Microsoft\WindowsApps;C:\Program Files\Java\jdk1.8.0_271\bin;C:\Program Files\JetBrains\IntelliJ IDEA 2019.3.3\bin;;C:\Users\Shubham Kumar\AppData\Local\Programs\Microsoft VS Code\bin;;C:\Program Files\JetBrains\IntelliJ IDEA Community Edition 2020.2.3\bin;;C:\Users\Shubham Kumar\AppData\Roaming\npm, USERDOMAIN_ROAMINGPROFILE=DESKTOP-OM1CCRJ, PROCESSOR_LEVEL=6, SYSTEMDRIVE=C:, SESSIONNAME=Console, ALLUSERSPROFILE=C:\ProgramData, PROCESSOR_ARCHITECTURE=AMD64, DRIVERDATA=C:\Windows\System32\Drivers\DriverData, __INTELLIJ_COMMAND_HISTFILE__=C:\Users\Shubham Kumar\AppData\Roaming\JetBrains\IdeaIC2020.2\terminal\history\history-100, MAVEN_HOME=C:\Users\Shubham Kumar\Desktop\apache-maven-3.6.3\bin\.., PROGRAMFILES=C:\Program Files, PSMODULEPATH=C:\Program Files\WindowsPowerShell\Modules;C:\WINDOWS\system32\WindowsPowerShell\v1.0\Modules, PROGRAMDATA=C:\ProgramData, CHOCOLATEYLASTPATHUPDATE=132552539383494267, USERNAME=Shubham Kumar, WDIR=S:\, ONEDRIVE=C:\Users\Shubham Kumar\OneDrive, PATHEXT=.COM;.EXE;.BAT;.CMD;.VBS;.VBE;.JS;.JSE;.WSF;.WSH;.MSC;.PY;.PYW, ONEDRIVECONSUMER=C:\Users\Shubham Kumar\OneDrive, CLASSWORLDS_JAR="C:\Users\Shubham Kumar\Desktop\apache-maven-3.6.3\bin\..\boot\plexus-classworlds-2.6.0.jar", WINDIR=C:\WINDOWS, HOMEPATH=\Users\Shubham Kumar, PROCESSOR_IDENTIFIER=Intel64 Family 6 Model 142 Stepping 9, GenuineIntel, PUBLIC=C:\Users\Public, =::=::\, =EXITCODE=00000000, LOCALAPPDATA=C:\Users\Shubham Kumar\AppData\Local, =S:=S:\FoodOrderingApplication\Capstone-Backend-Project\FoodOrderingApp-api, COMMONPROGRAMFILES(X86)=C:\Program Files (x86)\Common Files, USERDOMAIN=DESKTOP-OM1CCRJ, LOGONSERVER=\\DESKTOP-OM1CCRJ, JAVA_HOME=C:\Program Files\Java\jdk1.8.0_271, PROMPT=$P$G, PROGRAMFILES(X86)=C:\Program Files (x86), ERROR_CODE=0, EXEC_DIR=S:\FoodOrderingApplication\Capstone-Backend-Project, INTELLIJ IDEA=C:\Program Files\JetBrains\IntelliJ IDEA 2019.3.3\bin;, APPDATA=C:\Users\Shubham Kumar\AppData\Roaming, PROGRAMW6432=C:\Program Files, SYSTEMROOT=C:\WINDOWS, CHOCOLATEYINSTALL=C:\ProgramData\chocolatey, MAVEN_CMD_LINE_ARGS=install, OS=Windows_NT, COMMONPROGRAMW6432=C:\Program Files\Common Files, COMPUTERNAME=DESKTOP-OM1CCRJ, INTELLIJ IDEA COMMUNITY EDITION=C:\Program Files\JetBrains\IntelliJ IDEA Community Edition 2020.2.3\bin;, COMMONPROGRAMFILES=C:\Program Files\Common Files, COMSPEC=C:\WINDOWS\system32\cmd.exe, JAVACMD=C:\Program Files\Java\jdk1.8.0_271\bin\java.exe, MAVEN_PROJECTBASEDIR=S:\FoodOrderingApplication\Capstone-Backend-Project, PROCESSOR_REVISION=8e09, CLASSWORLDS_LAUNCHER=org.codehaus.plexus.classworlds.launcher.Launcher, TERMINAL_EMULATOR=JetBrains-JediTerm, TEMP=C:\Users\SHUBHA~1\AppData\Local\Temp, HOMEDRIVE=C:, USERPROFILE=C:\Users\Shubham Kumar, TMP=C:\Users\SHUBHA~1\AppData\Local\Temp, NUMBER_OF_PROCESSORS=4, JVMCONFIG=\.mvn\jvm.config, IDEA_INITIAL_DIRECTORY=C:\Program Files\JetBrains\IntelliJ IDEA Community Edition 2020.2.3\bin}}]
15:08:48.710 [main] DEBUG org.springframework.core.io.support.PathMatchingResourcePatternResolver - Resolved classpath location [com/upgrad/FoodOrderingApp/api/controller/] to resources [URL [file:/S:/FoodOrderingApplication/Capstone-Backend-Project/FoodOrderingApp-api/target/test-classes/com/upgrad/FoodOrderingApp/api/controller/], URL [file:/S:/FoodOrderingApplication/Capstone-Backend-Project/FoodOrderingApp-api/target/classes/com/upgrad/FoodOrderingApp/api/controller/]]
15:08:48.710 [main] DEBUG org.springframework.core.io.support.PathMatchingResourcePatternResolver - Looking for matching resources in directory tree [S:\FoodOrderingApplication\Capstone-Backend-Project\FoodOrderingApp-api\target\test-classes\com\upgrad\FoodOrderingApp\api\controller]
15:08:48.711 [main] DEBUG org.springframework.core.io.support.PathMatchingResourcePatternResolver - Searching directory [S:\FoodOrderingApplication\Capstone-Backend-Project\FoodOrderingApp-api\target\test-classes\com\upgrad\FoodOrderingApp\api\controller] for files matching pattern [S:/FoodOrderingApplication/Capstone-Backend-Project/FoodOrderingApp-api/target/test-classes/com/upgrad/FoodOrderingApp/api/controller/*.class]
15:08:48.715 [main] DEBUG org.springframework.core.io.support.PathMatchingResourcePatternResolver - Looking for matching resources in directory tree [S:\FoodOrderingApplication\Capstone-Backend-Project\FoodOrderingApp-api\target\classes\com\upgrad\FoodOrderingApp\api\controller]
15:08:48.716 [main] DEBUG org.springframework.core.io.support.PathMatchingResourcePatternResolver - Searching directory [S:\FoodOrderingApplication\Capstone-Backend-Project\FoodOrderingApp-api\target\classes\com\upgrad\FoodOrderingApp\api\controller] for files matching pattern [S:/FoodOrderingApplication/Capstone-Backend-Project/FoodOrderingApp-api/target/classes/com/upgrad/FoodOrderingApp/api/controller/*.class]
15:08:48.718 [main] DEBUG org.springframework.core.io.support.PathMatchingResourcePatternResolver - Resolved location pattern [classpath*:com/upgrad/FoodOrderingApp/api/controller/*.class] to resources [file [S:\FoodOrderingApplication\Capstone-Backend-Project\FoodOrderingApp-api\target\test-classes\com\upgrad\FoodOrderingApp\api\controller\CustomerControllerTest.class], file [S:\FoodOrderingApplication\Capstone-Backend-Project\FoodOrderingApp-api\target\classes\com\upgrad\FoodOrderingApp\api\controller\AddressController.class], file [S:\FoodOrderingApplication\Capstone-Backend-Project\FoodOrderingApp-api\target\classes\com\upgrad\FoodOrderingApp\api\controller\CategoryController.class], file [S:\FoodOrderingApplication\Capstone-Backend-Project\FoodOrderingApp-api\target\classes\com\upgrad\FoodOrderingApp\api\controller\CustomerController.class], file [S:\FoodOrderingApplication\Capstone-Backend-Project\FoodOrderingApp-api\target\classes\com\upgrad\FoodOrderingApp\api\controller\ItemController.class], file [S:\FoodOrderingApplication\Capstone-Backend-Project\FoodOrderingApp-api\target\classes\com\upgrad\FoodOrderingApp\api\controller\OrderController.class], file [S:\FoodOrderingApplication\Capstone-Backend-Project\FoodOrderingApp-api\target\classes\com\upgrad\FoodOrderingApp\api\controller\PaymentController.class], file [S:\FoodOrderingApplication\Capstone-Backend-Project\FoodOrderingApp-api\target\classes\com\upgrad\FoodOrderingApp\api\controller\RestaurantController.class]]
15:08:48.896 [main] DEBUG org.springframework.core.io.support.PathMatchingResourcePatternResolver - Resolved classpath location [com/upgrad/FoodOrderingApp/api/] to resources [URL [file:/S:/FoodOrderingApplication/Capstone-Backend-Project/FoodOrderingApp-api/target/test-classes/com/upgrad/FoodOrderingApp/api/], URL [file:/S:/FoodOrderingApplication/Capstone-Backend-Project/FoodOrderingApp-api/target/classes/com/upgrad/FoodOrderingApp/api/]]
15:08:48.897 [main] DEBUG org.springframework.core.io.support.PathMatchingResourcePatternResolver - Looking for matching resources in directory tree [S:\FoodOrderingApplication\Capstone-Backend-Project\FoodOrderingApp-api\target\test-classes\com\upgrad\FoodOrderingApp\api]
15:08:48.897 [main] DEBUG org.springframework.core.io.support.PathMatchingResourcePatternResolver - Searching directory [S:\FoodOrderingApplication\Capstone-Backend-Project\FoodOrderingApp-api\target\test-classes\com\upgrad\FoodOrderingApp\api] for files matching pattern [S:/FoodOrderingApplication/Capstone-Backend-Project/FoodOrderingApp-api/target/test-classes/com/upgrad/FoodOrderingApp/api/*.class]
15:08:48.899 [main] DEBUG org.springframework.core.io.support.PathMatchingResourcePatternResolver - Looking for matching resources in directory tree [S:\FoodOrderingApplication\Capstone-Backend-Project\FoodOrderingApp-api\target\classes\com\upgrad\FoodOrderingApp\api]
15:08:48.900 [main] DEBUG org.springframework.core.io.support.PathMatchingResourcePatternResolver - Searching directory [S:\FoodOrderingApplication\Capstone-Backend-Project\FoodOrderingApp-api\target\classes\com\upgrad\FoodOrderingApp\api] for files matching pattern [S:/FoodOrderingApplication/Capstone-Backend-Project/FoodOrderingApp-api/target/classes/com/upgrad/FoodOrderingApp/api/*.class]
15:08:48.906 [main] DEBUG org.springframework.core.io.support.PathMatchingResourcePatternResolver - Resolved location pattern [classpath*:com/upgrad/FoodOrderingApp/api/*.class] to resources [file [S:\FoodOrderingApplication\Capstone-Backend-Project\FoodOrderingApp-api\target\classes\com\upgrad\FoodOrderingApp\api\FoodOrderingAppApiApplication.class]]
15:08:49.007 [main] DEBUG org.springframework.context.annotation.ClassPathScanningCandidateComponentProvider - Identified candidate component class: file [S:\FoodOrderingApplication\Capstone-Backend-Project\FoodOrderingApp-api\target\classes\com\upgrad\FoodOrderingApp\api\FoodOrderingAppApiApplication.class]
15:08:49.011 [main] INFO org.springframework.boot.test.context.SpringBootTestContextBootstrapper - Found @SpringBootConfiguration com.upgrad.FoodOrderingApp.api.FoodOrderingAppApiApplication for test class com.upgrad.FoodOrderingApp.api.controller.CustomerControllerTest
15:08:49.433 [main] DEBUG org.springframework.boot.test.context.SpringBootTestContextBootstrapper - @TestExecutionListeners is not present for class [com.upgrad.FoodOrderingApp.api.controller.CustomerControllerTest]: using defaults.
15:08:49.434 [main] INFO org.springframework.boot.test.context.SpringBootTestContextBootstrapper - Loaded default TestExecutionListener class names from location [META-INF/spring.factories]: [org.springframework.boot.test.mock.mockito.MockitoTestExecutionListener, org.springframework.boot.test.mock.mockito.ResetMocksTestExecutionListener, org.springframework.boot.test.autoconfigure.restdocs.RestDocsTestExecutionListener, org.springframework.boot.test.autoconfigure.web.client.MockRestServiceServerResetTestExecutionListener, org.springframework.boot.test.autoconfigure.web.servlet.MockMvcPrintOnlyOnFailureTestExecutionListener, org.springframework.boot.test.autoconfigure.web.servlet.WebDriverTestExecutionListener, org.springframework.test.context.web.ServletTestExecutionListener, org.springframework.test.context.support.DirtiesContextBeforeModesTestExecutionListener, org.springframework.test.context.support.DependencyInjectionTestExecutionListener, org.springframework.test.context.support.DirtiesContextTestExecutionListener, org.springframework.test.context.transaction.TransactionalTestExecutionListener, org.springframework.test.context.jdbc.SqlScriptsTestExecutionListener]
15:08:49.519 [main] INFO org.springframework.boot.test.context.SpringBootTestContextBootstrapper - Using TestExecutionListeners: [org.springframework.test.context.web.ServletTestExecutionListener@7748410a, org.springframework.test.context.support.DirtiesContextBeforeModesTestExecutionListener@740773a3, org.springframework.boot.test.mock.mockito.MockitoTestExecutionListener@37f1104d, org.springframework.boot.test.autoconfigure.SpringBootDependencyInjectionTestExecutionListener@55740540, org.springframework.test.context.support.DirtiesContextTestExecutionListener@60015ef5, org.springframework.test.context.transaction.TransactionalTestExecutionListener@2f54a33d, org.springframework.test.context.jdbc.SqlScriptsTestExecutionListener@1018bde2, org.springframework.boot.test.mock.mockito.ResetMocksTestExecutionListener@65b3f4a4, org.springframework.boot.test.autoconfigure.restdocs.RestDocsTestExecutionListener@f2ff811, org.springframework.boot.test.autoconfigure.web.client.MockRestServiceServerResetTestExecutionListener@568ff82, org.springframework.boot.test.autoconfigure.web.servlet.MockMvcPrintOnlyOnFailureTestExecutionListener@50caa560, org.springframework.boot.test.autoconfigure.web.servlet.WebDriverTestExecutionListener@2a266d09]
15:08:49.524 [main] DEBUG org.springframework.test.annotation.ProfileValueUtils - Retrieved @ProfileValueSourceConfiguration [null] for test class [com.upgrad.FoodOrderingApp.api.controller.CustomerControllerTest]
15:08:49.525 [main] DEBUG org.springframework.test.annotation.ProfileValueUtils - Retrieved ProfileValueSource type [class org.springframework.test.annotation.SystemProfileValueSource] for class [com.upgrad.FoodOrderingApp.api.controller.CustomerControllerTest]
15:08:49.531 [main] DEBUG org.springframework.test.annotation.ProfileValueUtils - Retrieved @ProfileValueSourceConfiguration [null] for test class [com.upgrad.FoodOrderingApp.api.controller.CustomerControllerTest]
15:08:49.531 [main] DEBUG org.springframework.test.annotation.ProfileValueUtils - Retrieved ProfileValueSource type [class org.springframework.test.annotation.SystemProfileValueSource] for class [com.upgrad.FoodOrderingApp.api.controller.CustomerControllerTest]
15:08:49.533 [main] DEBUG org.springframework.test.annotation.ProfileValueUtils - Retrieved @ProfileValueSourceConfiguration [null] for test class [com.upgrad.FoodOrderingApp.api.controller.CustomerControllerTest]
15:08:49.533 [main] DEBUG org.springframework.test.annotation.ProfileValueUtils - Retrieved ProfileValueSource type [class org.springframework.test.annotation.SystemProfileValueSource] for class [com.upgrad.FoodOrderingApp.api.controller.CustomerControllerTest]
15:08:49.542 [main] DEBUG org.springframework.test.context.support.AbstractDirtiesContextTestExecutionListener - Before test class: context [DefaultTestContext@4f67eb2a testClass = CustomerControllerTest, testInstance = [null], testMethod = [null], testException = [null], mergedContextConfiguration = [WebMergedContextConfiguration@4a668b6e testClass = CustomerControllerTest, locations = '{}', classes = '{class com.upgrad.FoodOrderingApp.api.FoodOrderingAppApiApplication}', contextInitializerClasses = '[]', activeProfiles = '{}', propertySourceLocations = '{}', propertySourceProperties = '{org.springframework.boot.test.context.SpringBootTestContextBootstrapper=true}', contextCustomizers = set[[ImportsContextCustomizer@5f683daf key = [org.springframework.boot.test.autoconfigure.web.servlet.MockMvcAutoConfiguration, org.springframework.boot.test.autoconfigure.web.servlet.MockMvcSecurityAutoConfiguration, org.springframework.boot.test.autoconfigure.web.servlet.MockMvcWebClientAutoConfiguration, org.springframework.boot.test.autoconfigure.web.servlet.MockMvcWebDriverAutoConfiguration]], org.springframework.boot.test.context.filter.ExcludeFilterContextCustomizer@59717824, org.springframework.boot.test.json.DuplicateJsonObjectContextCustomizerFactory$DuplicateJsonObjectContextCustomizer@473b46c3, org.springframework.boot.test.mock.mockito.MockitoContextCustomizer@9b4619b1, org.springframework.boot.test.web.client.TestRestTemplateContextCustomizer@4f9a3314, org.springframework.boot.test.autoconfigure.properties.PropertyMappingContextCustomizer@e7e8512, org.springframework.boot.test.autoconfigure.web.servlet.WebDriverContextCustomizerFactory$Customizer@1a38c59b], resourceBasePath = 'src/main/webapp', contextLoader = 'org.springframework.boot.test.context.SpringBootContextLoader', parent = [null]], attributes = map['org.springframework.test.context.web.ServletTestExecutionListener.activateListener' -> true]], class annotated with @DirtiesContext [false] with mode [null].
15:08:49.543 [main] DEBUG org.springframework.test.annotation.ProfileValueUtils - Retrieved @ProfileValueSourceConfiguration [null] for test class [com.upgrad.FoodOrderingApp.api.controller.CustomerControllerTest]
15:08:49.544 [main] DEBUG org.springframework.test.annotation.ProfileValueUtils - Retrieved ProfileValueSource type [class org.springframework.test.annotation.SystemProfileValueSource] for class [com.upgrad.FoodOrderingApp.api.controller.CustomerControllerTest]
15:08:49.599 [main] DEBUG org.springframework.core.env.StandardEnvironment - Adding PropertySource 'systemProperties' with lowest search precedence
15:08:49.599 [main] DEBUG org.springframework.core.env.StandardEnvironment - Adding PropertySource 'systemEnvironment' with lowest search precedence
15:08:49.600 [main] DEBUG org.springframework.core.env.StandardEnvironment - Initialized StandardEnvironment with PropertySources [MapPropertySource@657381435 {name='systemProperties', properties={java.runtime.name=Java(TM) SE Runtime Environment, sun.boot.library.path=C:\Program Files\Java\jdk1.8.0_271\jre\bin, java.vm.version=25.271-b09, java.vm.vendor=Oracle Corporation, java.vendor.url=http://java.oracle.com/, path.separator=;, java.vm.name=Java HotSpot(TM) 64-Bit Server VM, file.encoding.pkg=sun.io, user.country=IN, user.script=, sun.java.launcher=SUN_STANDARD, sun.os.patch.level=, java.vm.specification.name=Java Virtual Machine Specification, user.dir=S:\FoodOrderingApplication\Capstone-Backend-Project\FoodOrderingApp-api, java.runtime.version=1.8.0_271-b09, basedir=S:\FoodOrderingApplication\Capstone-Backend-Project\FoodOrderingApp-api, java.awt.graphicsenv=sun.awt.Win32GraphicsEnvironment, java.endorsed.dirs=C:\Program Files\Java\jdk1.8.0_271\jre\lib\endorsed, os.arch=amd64, surefire.real.class.path=C:\Users\SHUBHA~1\AppData\Local\Temp\surefire3826520655180966552\surefirebooter8737007644595560991.jar, java.io.tmpdir=C:\Users\SHUBHA~1\AppData\Local\Temp\, line.separator=
, java.vm.specification.vendor=Oracle Corporation, user.variant=, os.name=Windows 10, sun.jnu.encoding=Cp1252, java.library.path=C:\Program Files\Java\jdk1.8.0_271\jre\bin;C:\WINDOWS\Sun\Java\bin;C:\WINDOWS\system32;C:\WINDOWS;C:\Python39\Scripts\;C:\Python39\;C:\Program Files (x86)\Common Files\Oracle\Java\javapath;C:\oraclexe\app\oracle\product\11.2.0\server\bin;S:\app\dekumark\product\18.0.0\client_1;S:\app\dekumark\product\18.0.0\client_1\bin;C:\WINDOWS\system32;C:\WINDOWS;C:\WINDOWS\System32\Wbem;C:\WINDOWS\System32\WindowsPowerShell\v1.0\;C:\WINDOWS\System32\OpenSSH\;C:\Program Files\Java\jdk1.8.0_271\bin;C:\Program Files\Git\cmd;C:\Program Files\MongoDB\Server\4.4\bin;C:\Users\Shubham Kumar\Desktop\apache-maven-3.6.3\bin;C:\Program Files\nodejs\;C:\ProgramData\chocolatey\bin;C:\Program Files\MySQL\MySQL Shell 8.0\bin\;C:\Users\Shubham Kumar\AppData\Local\Microsoft\WindowsApps;C:\Program Files\Java\jdk1.8.0_271\bin;C:\Program Files\JetBrains\IntelliJ IDEA 2019.3.3\bin;;C:\Users\Shubham Kumar\AppData\Local\Programs\Microsoft VS Code\bin;;C:\Program Files\JetBrains\IntelliJ IDEA Community Edition 2020.2.3\bin;;C:\Users\Shubham Kumar\AppData\Roaming\npm;., surefire.test.class.path=S:\FoodOrderingApplication\Capstone-Backend-Project\FoodOrderingApp-api\target\test-classes;S:\FoodOrderingApplication\Capstone-Backend-Project\FoodOrderingApp-api\target\classes;C:\Users\Shubham Kumar\.m2\repository\org\springframework\boot\spring-boot-starter-web\2.0.1.RELEASE\spring-boot-starter-web-2.0.1.RELEASE.jar;C:\Users\Shubham Kumar\.m2\repository\org\springframework\boot\spring-boot-starter\2.0.1.RELEASE\spring-boot-starter-2.0.1.RELEASE.jar;C:\Users\Shubham Kumar\.m2\repository\org\springframework\boot\spring-boot\2.0.1.RELEASE\spring-boot-2.0.1.RELEASE.jar;C:\Users\Shubham Kumar\.m2\repository\org\springframework\boot\spring-boot-autoconfigure\2.0.1.RELEASE\spring-boot-autoconfigure-2.0.1.RELEASE.jar;C:\Users\Shubham Kumar\.m2\repository\org\springframework\boot\spring-boot-starter-logging\2.0.1.RELEASE\spring-boot-starter-logging-2.0.1.RELEASE.jar;C:\Users\Shubham Kumar\.m2\repository\org\apache\logging\log4j\log4j-to-slf4j\2.10.0\log4j-to-slf4j-2.10.0.jar;C:\Users\Shubham Kumar\.m2\repository\org\apache\logging\log4j\log4j-api\2.10.0\log4j-api-2.10.0.jar;C:\Users\Shubham Kumar\.m2\repository\org\slf4j\jul-to-slf4j\1.7.25\jul-to-slf4j-1.7.25.jar;C:\Users\Shubham Kumar\.m2\repository\javax\annotation\javax.annotation-api\1.3.2\javax.annotation-api-1.3.2.jar;C:\Users\Shubham Kumar\.m2\repository\org\yaml\snakeyaml\1.19\snakeyaml-1.19.jar;C:\Users\Shubham Kumar\.m2\repository\org\springframework\boot\spring-boot-starter-json\2.0.1.RELEASE\spring-boot-starter-json-2.0.1.RELEASE.jar;C:\Users\Shubham Kumar\.m2\repository\com\fasterxml\jackson\datatype\jackson-datatype-jdk8\2.9.5\jackson-datatype-jdk8-2.9.5.jar;C:\Users\Shubham Kumar\.m2\repository\com\fasterxml\jackson\datatype\jackson-datatype-jsr310\2.9.5\jackson-datatype-jsr310-2.9.5.jar;C:\Users\Shubham Kumar\.m2\repository\com\fasterxml\jackson\module\jackson-module-parameter-names\2.9.5\jackson-module-parameter-names-2.9.5.jar;C:\Users\Shubham Kumar\.m2\repository\org\springframework\boot\spring-boot-starter-tomcat\2.0.1.RELEASE\spring-boot-starter-tomcat-2.0.1.RELEASE.jar;C:\Users\Shubham Kumar\.m2\repository\org\apache\tomcat\embed\tomcat-embed-core\8.5.29\tomcat-embed-core-8.5.29.jar;C:\Users\Shubham Kumar\.m2\repository\org\apache\tomcat\embed\tomcat-embed-el\8.5.29\tomcat-embed-el-8.5.29.jar;C:\Users\Shubham Kumar\.m2\repository\org\apache\tomcat\embed\tomcat-embed-websocket\8.5.29\tomcat-embed-websocket-8.5.29.jar;C:\Users\Shubham Kumar\.m2\repository\org\hibernate\validator\hibernate-validator\6.0.9.Final\hibernate-validator-6.0.9.Final.jar;C:\Users\Shubham Kumar\.m2\repository\javax\validation\validation-api\2.0.1.Final\validation-api-2.0.1.Final.jar;C:\Users\Shubham Kumar\.m2\repository\org\jboss\logging\jboss-logging\3.3.2.Final\jboss-logging-3.3.2.Final.jar;C:\Users\Shubham Kumar\.m2\repository\org\springframework\spring-webmvc\5.0.5.RELEASE\spring-webmvc-5.0.5.RELEASE.jar;C:\Users\Shubham Kumar\.m2\repository\io\swagger\swagger-annotations\1.5.18\swagger-annotations-1.5.18.jar;C:\Users\Shubham Kumar\.m2\repository\io\springfox\springfox-swagger2\2.6.1\springfox-swagger2-2.6.1.jar;C:\Users\Shubham Kumar\.m2\repository\io\swagger\swagger-models\1.5.10\swagger-models-1.5.10.jar;C:\Users\Shubham Kumar\.m2\repository\io\springfox\springfox-spi\2.6.1\springfox-spi-2.6.1.jar;C:\Users\Shubham Kumar\.m2\repository\io\springfox\springfox-core\2.6.1\springfox-core-2.6.1.jar;C:\Users\Shubham Kumar\.m2\repository\io\springfox\springfox-schema\2.6.1\springfox-schema-2.6.1.jar;C:\Users\Shubham Kumar\.m2\repository\io\springfox\springfox-swagger-common\2.6.1\springfox-swagger-common-2.6.1.jar;C:\Users\Shubham Kumar\.m2\repository\io\springfox\springfox-spring-web\2.6.1\springfox-spring-web-2.6.1.jar;C:\Users\Shubham Kumar\.m2\repository\com\google\guava\guava\18.0\guava-18.0.jar;C:\Users\Shubham Kumar\.m2\repository\com\fasterxml\classmate\1.3.4\classmate-1.3.4.jar;C:\Users\Shubham Kumar\.m2\repository\org\slf4j\slf4j-api\1.7.25\slf4j-api-1.7.25.jar;C:\Users\Shubham Kumar\.m2\repository\org\springframework\plugin\spring-plugin-core\1.2.0.RELEASE\spring-plugin-core-1.2.0.RELEASE.jar;C:\Users\Shubham Kumar\.m2\repository\org\springframework\plugin\spring-plugin-metadata\1.2.0.RELEASE\spring-plugin-metadata-1.2.0.RELEASE.jar;C:\Users\Shubham Kumar\.m2\repository\org\mapstruct\mapstruct\1.0.0.Final\mapstruct-1.0.0.Final.jar;C:\Users\Shubham Kumar\.m2\repository\io\springfox\springfox-swagger-ui\2.6.1\springfox-swagger-ui-2.6.1.jar;S:\FoodOrderingApplication\Capstone-Backend-Project\FoodOrderingApp-service\target\FoodOrderingApp-service-1.0-SNAPSHOT.jar;C:\Users\Shubham Kumar\.m2\repository\org\springframework\boot\spring-boot-starter-validation\2.0.1.RELEASE\spring-boot-starter-validation-2.0.1.RELEASE.jar;C:\Users\Shubham Kumar\.m2\repository\org\springframework\boot\spring-boot-starter-data-jpa\2.0.1.RELEASE\spring-boot-starter-data-jpa-2.0.1.RELEASE.jar;C:\Users\Shubham Kumar\.m2\repository\org\springframework\boot\spring-boot-starter-aop\2.0.1.RELEASE\spring-boot-starter-aop-2.0.1.RELEASE.jar;C:\Users\Shubham Kumar\.m2\repository\org\aspectj\aspectjweaver\1.8.13\aspectjweaver-1.8.13.jar;C:\Users\Shubham Kumar\.m2\repository\org\springframework\boot\spring-boot-starter-jdbc\2.0.1.RELEASE\spring-boot-starter-jdbc-2.0.1.RELEASE.jar;C:\Users\Shubham Kumar\.m2\repository\com\zaxxer\HikariCP\2.7.8\HikariCP-2.7.8.jar;C:\Users\Shubham Kumar\.m2\repository\org\springframework\spring-jdbc\5.0.5.RELEASE\spring-jdbc-5.0.5.RELEASE.jar;C:\Users\Shubham Kumar\.m2\repository\org\hibernate\hibernate-core\5.2.16.Final\hibernate-core-5.2.16.Final.jar;C:\Users\Shubham Kumar\.m2\repository\org\hibernate\javax\persistence\hibernate-jpa-2.1-api\1.0.0.Final\hibernate-jpa-2.1-api-1.0.0.Final.jar;C:\Users\Shubham Kumar\.m2\repository\antlr\antlr\2.7.7\antlr-2.7.7.jar;C:\Users\Shubham Kumar\.m2\repository\org\jboss\jandex\2.0.3.Final\jandex-2.0.3.Final.jar;C:\Users\Shubham Kumar\.m2\repository\dom4j\dom4j\1.6.1\dom4j-1.6.1.jar;C:\Users\Shubham Kumar\.m2\repository\org\hibernate\common\hibernate-commons-annotations\5.0.1.Final\hibernate-commons-annotations-5.0.1.Final.jar;C:\Users\Shubham Kumar\.m2\repository\javax\transaction\javax.transaction-api\1.2\javax.transaction-api-1.2.jar;C:\Users\Shubham Kumar\.m2\repository\org\springframework\data\spring-data-jpa\2.0.6.RELEASE\spring-data-jpa-2.0.6.RELEASE.jar;C:\Users\Shubham Kumar\.m2\repository\org\springframework\data\spring-data-commons\2.0.6.RELEASE\spring-data-commons-2.0.6.RELEASE.jar;C:\Users\Shubham Kumar\.m2\repository\org\springframework\spring-orm\5.0.5.RELEASE\spring-orm-5.0.5.RELEASE.jar;C:\Users\Shubham Kumar\.m2\repository\org\springframework\spring-tx\5.0.5.RELEASE\spring-tx-5.0.5.RELEASE.jar;C:\Users\Shubham Kumar\.m2\repository\org\springframework\spring-aspects\5.0.5.RELEASE\spring-aspects-5.0.5.RELEASE.jar;C:\Users\Shubham Kumar\.m2\repository\org\apache\commons\commons-lang3\3.7\commons-lang3-3.7.jar;C:\Users\Shubham Kumar\.m2\repository\ch\qos\logback\logback-classic\1.2.3\logback-classic-1.2.3.jar;C:\Users\Shubham Kumar\.m2\repository\ch\qos\logback\logback-core\1.2.3\logback-core-1.2.3.jar;C:\Users\Shubham Kumar\.m2\repository\com\auth0\java-jwt\3.4.0\java-jwt-3.4.0.jar;C:\Users\Shubham Kumar\.m2\repository\commons-codec\commons-codec\1.11\commons-codec-1.11.jar;C:\Users\Shubham Kumar\.m2\repository\org\springframework\boot\spring-boot-starter-test\2.0.1.RELEASE\spring-boot-starter-test-2.0.1.RELEASE.jar;C:\Users\Shubham Kumar\.m2\repository\org\springframework\boot\spring-boot-test\2.0.1.RELEASE\spring-boot-test-2.0.1.RELEASE.jar;C:\Users\Shubham Kumar\.m2\repository\org\springframework\boot\spring-boot-test-autoconfigure\2.0.1.RELEASE\spring-boot-test-autoconfigure-2.0.1.RELEASE.jar;C:\Users\Shubham Kumar\.m2\repository\com\jayway\jsonpath\json-path\2.4.0\json-path-2.4.0.jar;C:\Users\Shubham Kumar\.m2\repository\net\minidev\json-smart\2.3\json-smart-2.3.jar;C:\Users\Shubham Kumar\.m2\repository\net\minidev\accessors-smart\1.2\accessors-smart-1.2.jar;C:\Users\Shubham Kumar\.m2\repository\org\ow2\asm\asm\5.0.4\asm-5.0.4.jar;C:\Users\Shubham Kumar\.m2\repository\junit\junit\4.12\junit-4.12.jar;C:\Users\Shubham Kumar\.m2\repository\org\assertj\assertj-core\3.9.1\assertj-core-3.9.1.jar;C:\Users\Shubham Kumar\.m2\repository\org\hamcrest\hamcrest-core\1.3\hamcrest-core-1.3.jar;C:\Users\Shubham Kumar\.m2\repository\org\hamcrest\hamcrest-library\1.3\hamcrest-library-1.3.jar;C:\Users\Shubham Kumar\.m2\repository\org\skyscreamer\jsonassert\1.5.0\jsonassert-1.5.0.jar;C:\Users\Shubham Kumar\.m2\repository\com\vaadin\external\google\android-json\0.0.20131108.vaadin1\android-json-0.0.20131108.vaadin1.jar;C:\Users\Shubham Kumar\.m2\repository\org\springframework\spring-core\5.0.5.RELEASE\spring-core-5.0.5.RELEASE.jar;C:\Users\Shubham Kumar\.m2\repository\org\springframework\spring-jcl\5.0.5.RELEASE\spring-jcl-5.0.5.RELEASE.jar;C:\Users\Shubham Kumar\.m2\repository\org\springframework\spring-test\5.0.5.RELEASE\spring-test-5.0.5.RELEASE.jar;C:\Users\Shubham Kumar\.m2\repository\org\xmlunit\xmlunit-core\2.5.1\xmlunit-core-2.5.1.jar;C:\Users\Shubham Kumar\.m2\repository\org\mockito\mockito-core\2.22.0\mockito-core-2.22.0.jar;C:\Users\Shubham Kumar\.m2\repository\net\bytebuddy\byte-buddy\1.7.11\byte-buddy-1.7.11.jar;C:\Users\Shubham Kumar\.m2\repository\net\bytebuddy\byte-buddy-agent\1.7.11\byte-buddy-agent-1.7.11.jar;C:\Users\Shubham Kumar\.m2\repository\org\objenesis\objenesis\2.6\objenesis-2.6.jar;C:\Users\Shubham Kumar\.m2\repository\org\springframework\spring-web\5.0.8.RELEASE\spring-web-5.0.8.RELEASE.jar;C:\Users\Shubham Kumar\.m2\repository\org\springframework\spring-beans\5.0.5.RELEASE\spring-beans-5.0.5.RELEASE.jar;C:\Users\Shubham Kumar\.m2\repository\com\fasterxml\jackson\core\jackson-databind\2.9.6\jackson-databind-2.9.6.jar;C:\Users\Shubham Kumar\.m2\repository\com\fasterxml\jackson\core\jackson-core\2.9.5\jackson-core-2.9.5.jar;C:\Users\Shubham Kumar\.m2\repository\com\fasterxml\jackson\core\jackson-annotations\2.9.6\jackson-annotations-2.9.6.jar;C:\Users\Shubham Kumar\.m2\repository\org\springframework\spring-context\5.0.8.RELEASE\spring-context-5.0.8.RELEASE.jar;C:\Users\Shubham Kumar\.m2\repository\org\springframework\spring-aop\5.0.5.RELEASE\spring-aop-5.0.5.RELEASE.jar;C:\Users\Shubham Kumar\.m2\repository\org\springframework\spring-expression\5.0.5.RELEASE\spring-expression-5.0.5.RELEASE.jar;C:\Users\Shubham Kumar\.m2\repository\org\postgresql\postgresql\42.2.2\postgresql-42.2.2.jar;C:\Users\Shubham Kumar\.m2\repository\javax\xml\bind\jaxb-api\2.4.0-b180830.0359\jaxb-api-2.4.0-b180830.0359.jar;C:\Users\Shubham Kumar\.m2\repository\javax\activation\javax.activation-api\1.2.0\javax.activation-api-1.2.0.jar;C:\Users\Shubham Kumar\.m2\repository\org\javassist\javassist\3.27.0-GA\javassist-3.27.0-GA.jar;, java.specification.name=Java Platform API Specification, java.class.version=52.0, sun.management.compiler=HotSpot 64-Bit Tiered Compilers, os.version=10.0, user.home=C:\Users\Shubham Kumar, user.timezone=Asia/Calcutta, java.awt.printerjob=sun.awt.windows.WPrinterJob, file.encoding=Cp1252, java.specification.version=1.8, java.class.path=S:\FoodOrderingApplication\Capstone-Backend-Project\FoodOrderingApp-api\target\test-classes;S:\FoodOrderingApplication\Capstone-Backend-Project\FoodOrderingApp-api\target\classes;C:\Users\Shubham Kumar\.m2\repository\org\springframework\boot\spring-boot-starter-web\2.0.1.RELEASE\spring-boot-starter-web-2.0.1.RELEASE.jar;C:\Users\Shubham Kumar\.m2\repository\org\springframework\boot\spring-boot-starter\2.0.1.RELEASE\spring-boot-starter-2.0.1.RELEASE.jar;C:\Users\Shubham Kumar\.m2\repository\org\springframework\boot\spring-boot\2.0.1.RELEASE\spring-boot-2.0.1.RELEASE.jar;C:\Users\Shubham Kumar\.m2\repository\org\springframework\boot\spring-boot-autoconfigure\2.0.1.RELEASE\spring-boot-autoconfigure-2.0.1.RELEASE.jar;C:\Users\Shubham Kumar\.m2\repository\org\springframework\boot\spring-boot-starter-logging\2.0.1.RELEASE\spring-boot-starter-logging-2.0.1.RELEASE.jar;C:\Users\Shubham Kumar\.m2\repository\org\apache\logging\log4j\log4j-to-slf4j\2.10.0\log4j-to-slf4j-2.10.0.jar;C:\Users\Shubham Kumar\.m2\repository\org\apache\logging\log4j\log4j-api\2.10.0\log4j-api-2.10.0.jar;C:\Users\Shubham Kumar\.m2\repository\org\slf4j\jul-to-slf4j\1.7.25\jul-to-slf4j-1.7.25.jar;C:\Users\Shubham Kumar\.m2\repository\javax\annotation\javax.annotation-api\1.3.2\javax.annotation-api-1.3.2.jar;C:\Users\Shubham Kumar\.m2\repository\org\yaml\snakeyaml\1.19\snakeyaml-1.19.jar;C:\Users\Shubham Kumar\.m2\repository\org\springframework\boot\spring-boot-starter-json\2.0.1.RELEASE\spring-boot-starter-json-2.0.1.RELEASE.jar;C:\Users\Shubham Kumar\.m2\repository\com\fasterxml\jackson\datatype\jackson-datatype-jdk8\2.9.5\jackson-datatype-jdk8-2.9.5.jar;C:\Users\Shubham Kumar\.m2\repository\com\fasterxml\jackson\datatype\jackson-datatype-jsr310\2.9.5\jackson-datatype-jsr310-2.9.5.jar;C:\Users\Shubham Kumar\.m2\repository\com\fasterxml\jackson\module\jackson-module-parameter-names\2.9.5\jackson-module-parameter-names-2.9.5.jar;C:\Users\Shubham Kumar\.m2\repository\org\springframework\boot\spring-boot-starter-tomcat\2.0.1.RELEASE\spring-boot-starter-tomcat-2.0.1.RELEASE.jar;C:\Users\Shubham Kumar\.m2\repository\org\apache\tomcat\embed\tomcat-embed-core\8.5.29\tomcat-embed-core-8.5.29.jar;C:\Users\Shubham Kumar\.m2\repository\org\apache\tomcat\embed\tomcat-embed-el\8.5.29\tomcat-embed-el-8.5.29.jar;C:\Users\Shubham Kumar\.m2\repository\org\apache\tomcat\embed\tomcat-embed-websocket\8.5.29\tomcat-embed-websocket-8.5.29.jar;C:\Users\Shubham Kumar\.m2\repository\org\hibernate\validator\hibernate-validator\6.0.9.Final\hibernate-validator-6.0.9.Final.jar;C:\Users\Shubham Kumar\.m2\repository\javax\validation\validation-api\2.0.1.Final\validation-api-2.0.1.Final.jar;C:\Users\Shubham Kumar\.m2\repository\org\jboss\logging\jboss-logging\3.3.2.Final\jboss-logging-3.3.2.Final.jar;C:\Users\Shubham Kumar\.m2\repository\org\springframework\spring-webmvc\5.0.5.RELEASE\spring-webmvc-5.0.5.RELEASE.jar;C:\Users\Shubham Kumar\.m2\repository\io\swagger\swagger-annotations\1.5.18\swagger-annotations-1.5.18.jar;C:\Users\Shubham Kumar\.m2\repository\io\springfox\springfox-swagger2\2.6.1\springfox-swagger2-2.6.1.jar;C:\Users\Shubham Kumar\.m2\repository\io\swagger\swagger-models\1.5.10\swagger-models-1.5.10.jar;C:\Users\Shubham Kumar\.m2\repository\io\springfox\springfox-spi\2.6.1\springfox-spi-2.6.1.jar;C:\Users\Shubham Kumar\.m2\repository\io\springfox\springfox-core\2.6.1\springfox-core-2.6.1.jar;C:\Users\Shubham Kumar\.m2\repository\io\springfox\springfox-schema\2.6.1\springfox-schema-2.6.1.jar;C:\Users\Shubham Kumar\.m2\repository\io\springfox\springfox-swagger-common\2.6.1\springfox-swagger-common-2.6.1.jar;C:\Users\Shubham Kumar\.m2\repository\io\springfox\springfox-spring-web\2.6.1\springfox-spring-web-2.6.1.jar;C:\Users\Shubham Kumar\.m2\repository\com\google\guava\guava\18.0\guava-18.0.jar;C:\Users\Shubham Kumar\.m2\repository\com\fasterxml\classmate\1.3.4\classmate-1.3.4.jar;C:\Users\Shubham Kumar\.m2\repository\org\slf4j\slf4j-api\1.7.25\slf4j-api-1.7.25.jar;C:\Users\Shubham Kumar\.m2\repository\org\springframework\plugin\spring-plugin-core\1.2.0.RELEASE\spring-plugin-core-1.2.0.RELEASE.jar;C:\Users\Shubham Kumar\.m2\repository\org\springframework\plugin\spring-plugin-metadata\1.2.0.RELEASE\spring-plugin-metadata-1.2.0.RELEASE.jar;C:\Users\Shubham Kumar\.m2\repository\org\mapstruct\mapstruct\1.0.0.Final\mapstruct-1.0.0.Final.jar;C:\Users\Shubham Kumar\.m2\repository\io\springfox\springfox-swagger-ui\2.6.1\springfox-swagger-ui-2.6.1.jar;S:\FoodOrderingApplication\Capstone-Backend-Project\FoodOrderingApp-service\target\FoodOrderingApp-service-1.0-SNAPSHOT.jar;C:\Users\Shubham Kumar\.m2\repository\org\springframework\boot\spring-boot-starter-validation\2.0.1.RELEASE\spring-boot-starter-validation-2.0.1.RELEASE.jar;C:\Users\Shubham Kumar\.m2\repository\org\springframework\boot\spring-boot-starter-data-jpa\2.0.1.RELEASE\spring-boot-starter-data-jpa-2.0.1.RELEASE.jar;C:\Users\Shubham Kumar\.m2\repository\org\springframework\boot\spring-boot-starter-aop\2.0.1.RELEASE\spring-boot-starter-aop-2.0.1.RELEASE.jar;C:\Users\Shubham Kumar\.m2\repository\org\aspectj\aspectjweaver\1.8.13\aspectjweaver-1.8.13.jar;C:\Users\Shubham Kumar\.m2\repository\org\springframework\boot\spring-boot-starter-jdbc\2.0.1.RELEASE\spring-boot-starter-jdbc-2.0.1.RELEASE.jar;C:\Users\Shubham Kumar\.m2\repository\com\zaxxer\HikariCP\2.7.8\HikariCP-2.7.8.jar;C:\Users\Shubham Kumar\.m2\repository\org\springframework\spring-jdbc\5.0.5.RELEASE\spring-jdbc-5.0.5.RELEASE.jar;C:\Users\Shubham Kumar\.m2\repository\org\hibernate\hibernate-core\5.2.16.Final\hibernate-core-5.2.16.Final.jar;C:\Users\Shubham Kumar\.m2\repository\org\hibernate\javax\persistence\hibernate-jpa-2.1-api\1.0.0.Final\hibernate-jpa-2.1-api-1.0.0.Final.jar;C:\Users\Shubham Kumar\.m2\repository\antlr\antlr\2.7.7\antlr-2.7.7.jar;C:\Users\Shubham Kumar\.m2\repository\org\jboss\jandex\2.0.3.Final\jandex-2.0.3.Final.jar;C:\Users\Shubham Kumar\.m2\repository\dom4j\dom4j\1.6.1\dom4j-1.6.1.jar;C:\Users\Shubham Kumar\.m2\repository\org\hibernate\common\hibernate-commons-annotations\5.0.1.Final\hibernate-commons-annotations-5.0.1.Final.jar;C:\Users\Shubham Kumar\.m2\repository\javax\transaction\javax.transaction-api\1.2\javax.transaction-api-1.2.jar;C:\Users\Shubham Kumar\.m2\repository\org\springframework\data\spring-data-jpa\2.0.6.RELEASE\spring-data-jpa-2.0.6.RELEASE.jar;C:\Users\Shubham Kumar\.m2\repository\org\springframework\data\spring-data-commons\2.0.6.RELEASE\spring-data-commons-2.0.6.RELEASE.jar;C:\Users\Shubham Kumar\.m2\repository\org\springframework\spring-orm\5.0.5.RELEASE\spring-orm-5.0.5.RELEASE.jar;C:\Users\Shubham Kumar\.m2\repository\org\springframework\spring-tx\5.0.5.RELEASE\spring-tx-5.0.5.RELEASE.jar;C:\Users\Shubham Kumar\.m2\repository\org\springframework\spring-aspects\5.0.5.RELEASE\spring-aspects-5.0.5.RELEASE.jar;C:\Users\Shubham Kumar\.m2\repository\org\apache\commons\commons-lang3\3.7\commons-lang3-3.7.jar;C:\Users\Shubham Kumar\.m2\repository\ch\qos\logback\logback-classic\1.2.3\logback-classic-1.2.3.jar;C:\Users\Shubham Kumar\.m2\repository\ch\qos\logback\logback-core\1.2.3\logback-core-1.2.3.jar;C:\Users\Shubham Kumar\.m2\repository\com\auth0\java-jwt\3.4.0\java-jwt-3.4.0.jar;C:\Users\Shubham Kumar\.m2\repository\commons-codec\commons-codec\1.11\commons-codec-1.11.jar;C:\Users\Shubham Kumar\.m2\repository\org\springframework\boot\spring-boot-starter-test\2.0.1.RELEASE\spring-boot-starter-test-2.0.1.RELEASE.jar;C:\Users\Shubham Kumar\.m2\repository\org\springframework\boot\spring-boot-test\2.0.1.RELEASE\spring-boot-test-2.0.1.RELEASE.jar;C:\Users\Shubham Kumar\.m2\repository\org\springframework\boot\spring-boot-test-autoconfigure\2.0.1.RELEASE\spring-boot-test-autoconfigure-2.0.1.RELEASE.jar;C:\Users\Shubham Kumar\.m2\repository\com\jayway\jsonpath\json-path\2.4.0\json-path-2.4.0.jar;C:\Users\Shubham Kumar\.m2\repository\net\minidev\json-smart\2.3\json-smart-2.3.jar;C:\Users\Shubham Kumar\.m2\repository\net\minidev\accessors-smart\1.2\accessors-smart-1.2.jar;C:\Users\Shubham Kumar\.m2\repository\org\ow2\asm\asm\5.0.4\asm-5.0.4.jar;C:\Users\Shubham Kumar\.m2\repository\junit\junit\4.12\junit-4.12.jar;C:\Users\Shubham Kumar\.m2\repository\org\assertj\assertj-core\3.9.1\assertj-core-3.9.1.jar;C:\Users\Shubham Kumar\.m2\repository\org\hamcrest\hamcrest-core\1.3\hamcrest-core-1.3.jar;C:\Users\Shubham Kumar\.m2\repository\org\hamcrest\hamcrest-library\1.3\hamcrest-library-1.3.jar;C:\Users\Shubham Kumar\.m2\repository\org\skyscreamer\jsonassert\1.5.0\jsonassert-1.5.0.jar;C:\Users\Shubham Kumar\.m2\repository\com\vaadin\external\google\android-json\0.0.20131108.vaadin1\android-json-0.0.20131108.vaadin1.jar;C:\Users\Shubham Kumar\.m2\repository\org\springframework\spring-core\5.0.5.RELEASE\spring-core-5.0.5.RELEASE.jar;C:\Users\Shubham Kumar\.m2\repository\org\springframework\spring-jcl\5.0.5.RELEASE\spring-jcl-5.0.5.RELEASE.jar;C:\Users\Shubham Kumar\.m2\repository\org\springframework\spring-test\5.0.5.RELEASE\spring-test-5.0.5.RELEASE.jar;C:\Users\Shubham Kumar\.m2\repository\org\xmlunit\xmlunit-core\2.5.1\xmlunit-core-2.5.1.jar;C:\Users\Shubham Kumar\.m2\repository\org\mockito\mockito-core\2.22.0\mockito-core-2.22.0.jar;C:\Users\Shubham Kumar\.m2\repository\net\bytebuddy\byte-buddy\1.7.11\byte-buddy-1.7.11.jar;C:\Users\Shubham Kumar\.m2\repository\net\bytebuddy\byte-buddy-agent\1.7.11\byte-buddy-agent-1.7.11.jar;C:\Users\Shubham Kumar\.m2\repository\org\objenesis\objenesis\2.6\objenesis-2.6.jar;C:\Users\Shubham Kumar\.m2\repository\org\springframework\spring-web\5.0.8.RELEASE\spring-web-5.0.8.RELEASE.jar;C:\Users\Shubham Kumar\.m2\repository\org\springframework\spring-beans\5.0.5.RELEASE\spring-beans-5.0.5.RELEASE.jar;C:\Users\Shubham Kumar\.m2\repository\com\fasterxml\jackson\core\jackson-databind\2.9.6\jackson-databind-2.9.6.jar;C:\Users\Shubham Kumar\.m2\repository\com\fasterxml\jackson\core\jackson-core\2.9.5\jackson-core-2.9.5.jar;C:\Users\Shubham Kumar\.m2\repository\com\fasterxml\jackson\core\jackson-annotations\2.9.6\jackson-annotations-2.9.6.jar;C:\Users\Shubham Kumar\.m2\repository\org\springframework\spring-context\5.0.8.RELEASE\spring-context-5.0.8.RELEASE.jar;C:\Users\Shubham Kumar\.m2\repository\org\springframework\spring-aop\5.0.5.RELEASE\spring-aop-5.0.5.RELEASE.jar;C:\Users\Shubham Kumar\.m2\repository\org\springframework\spring-expression\5.0.5.RELEASE\spring-expression-5.0.5.RELEASE.jar;C:\Users\Shubham Kumar\.m2\repository\org\postgresql\postgresql\42.2.2\postgresql-42.2.2.jar;C:\Users\Shubham Kumar\.m2\repository\javax\xml\bind\jaxb-api\2.4.0-b180830.0359\jaxb-api-2.4.0-b180830.0359.jar;C:\Users\Shubham Kumar\.m2\repository\javax\activation\javax.activation-api\1.2.0\javax.activation-api-1.2.0.jar;C:\Users\Shubham Kumar\.m2\repository\org\javassist\javassist\3.27.0-GA\javassist-3.27.0-GA.jar;, user.name=Shubham Kumar, java.vm.specification.version=1.8, sun.java.command=C:\Users\SHUBHA~1\AppData\Local\Temp\surefire3826520655180966552\surefirebooter8737007644595560991.jar C:\Users\Shubham Kumar\AppData\Local\Temp\surefire3826520655180966552 2021-03-30T15-08-38_576-jvmRun1 surefire8643159605225432068tmp surefire_04322580535167382493tmp, java.home=C:\Program Files\Java\jdk1.8.0_271\jre, sun.arch.data.model=64, user.language=en, java.specification.vendor=Oracle Corporation, awt.toolkit=sun.awt.windows.WToolkit, java.vm.info=mixed mode, java.version=1.8.0_271, java.ext.dirs=C:\Program Files\Java\jdk1.8.0_271\jre\lib\ext;C:\WINDOWS\Sun\Java\lib\ext, sun.boot.class.path=C:\Program Files\Java\jdk1.8.0_271\jre\lib\resources.jar;C:\Program Files\Java\jdk1.8.0_271\jre\lib\rt.jar;C:\Program Files\Java\jdk1.8.0_271\jre\lib\sunrsasign.jar;C:\Program Files\Java\jdk1.8.0_271\jre\lib\jsse.jar;C:\Program Files\Java\jdk1.8.0_271\jre\lib\jce.jar;C:\Program Files\Java\jdk1.8.0_271\jre\lib\charsets.jar;C:\Program Files\Java\jdk1.8.0_271\jre\lib\jfr.jar;C:\Program Files\Java\jdk1.8.0_271\jre\classes, java.vendor=Oracle Corporation, localRepository=C:\Users\Shubham Kumar\.m2\repository, file.separator=\, java.vendor.url.bug=http://bugreport.sun.com/bugreport/, sun.io.unicode.encoding=UnicodeLittle, sun.cpu.endian=little, sun.desktop=windows, sun.cpu.isalist=amd64}}, SystemEnvironmentPropertySource@1107217291 {name='systemEnvironment', properties={PATH=C:\Python39\Scripts\;C:\Python39\;C:\Program Files (x86)\Common Files\Oracle\Java\javapath;C:\oraclexe\app\oracle\product\11.2.0\server\bin;S:\app\dekumark\product\18.0.0\client_1;S:\app\dekumark\product\18.0.0\client_1\bin;C:\WINDOWS\system32;C:\WINDOWS;C:\WINDOWS\System32\Wbem;C:\WINDOWS\System32\WindowsPowerShell\v1.0\;C:\WINDOWS\System32\OpenSSH\;C:\Program Files\Java\jdk1.8.0_271\bin;C:\Program Files\Git\cmd;C:\Program Files\MongoDB\Server\4.4\bin;C:\Users\Shubham Kumar\Desktop\apache-maven-3.6.3\bin;C:\Program Files\nodejs\;C:\ProgramData\chocolatey\bin;C:\Program Files\MySQL\MySQL Shell 8.0\bin\;C:\Users\Shubham Kumar\AppData\Local\Microsoft\WindowsApps;C:\Program Files\Java\jdk1.8.0_271\bin;C:\Program Files\JetBrains\IntelliJ IDEA 2019.3.3\bin;;C:\Users\Shubham Kumar\AppData\Local\Programs\Microsoft VS Code\bin;;C:\Program Files\JetBrains\IntelliJ IDEA Community Edition 2020.2.3\bin;;C:\Users\Shubham Kumar\AppData\Roaming\npm, USERDOMAIN_ROAMINGPROFILE=DESKTOP-OM1CCRJ, PROCESSOR_LEVEL=6, SYSTEMDRIVE=C:, SESSIONNAME=Console, ALLUSERSPROFILE=C:\ProgramData, PROCESSOR_ARCHITECTURE=AMD64, DRIVERDATA=C:\Windows\System32\Drivers\DriverData, __INTELLIJ_COMMAND_HISTFILE__=C:\Users\Shubham Kumar\AppData\Roaming\JetBrains\IdeaIC2020.2\terminal\history\history-100, MAVEN_HOME=C:\Users\Shubham Kumar\Desktop\apache-maven-3.6.3\bin\.., PROGRAMFILES=C:\Program Files, PSMODULEPATH=C:\Program Files\WindowsPowerShell\Modules;C:\WINDOWS\system32\WindowsPowerShell\v1.0\Modules, PROGRAMDATA=C:\ProgramData, CHOCOLATEYLASTPATHUPDATE=132552539383494267, USERNAME=Shubham Kumar, WDIR=S:\, ONEDRIVE=C:\Users\Shubham Kumar\OneDrive, PATHEXT=.COM;.EXE;.BAT;.CMD;.VBS;.VBE;.JS;.JSE;.WSF;.WSH;.MSC;.PY;.PYW, ONEDRIVECONSUMER=C:\Users\Shubham Kumar\OneDrive, CLASSWORLDS_JAR="C:\Users\Shubham Kumar\Desktop\apache-maven-3.6.3\bin\..\boot\plexus-classworlds-2.6.0.jar", WINDIR=C:\WINDOWS, HOMEPATH=\Users\Shubham Kumar, PROCESSOR_IDENTIFIER=Intel64 Family 6 Model 142 Stepping 9, GenuineIntel, PUBLIC=C:\Users\Public, =::=::\, =EXITCODE=00000000, LOCALAPPDATA=C:\Users\Shubham Kumar\AppData\Local, =S:=S:\FoodOrderingApplication\Capstone-Backend-Project\FoodOrderingApp-api, COMMONPROGRAMFILES(X86)=C:\Program Files (x86)\Common Files, USERDOMAIN=DESKTOP-OM1CCRJ, LOGONSERVER=\\DESKTOP-OM1CCRJ, JAVA_HOME=C:\Program Files\Java\jdk1.8.0_271, PROMPT=$P$G, PROGRAMFILES(X86)=C:\Program Files (x86), ERROR_CODE=0, EXEC_DIR=S:\FoodOrderingApplication\Capstone-Backend-Project, INTELLIJ IDEA=C:\Program Files\JetBrains\IntelliJ IDEA 2019.3.3\bin;, APPDATA=C:\Users\Shubham Kumar\AppData\Roaming, PROGRAMW6432=C:\Program Files, SYSTEMROOT=C:\WINDOWS, CHOCOLATEYINSTALL=C:\ProgramData\chocolatey, MAVEN_CMD_LINE_ARGS=install, OS=Windows_NT, COMMONPROGRAMW6432=C:\Program Files\Common Files, COMPUTERNAME=DESKTOP-OM1CCRJ, INTELLIJ IDEA COMMUNITY EDITION=C:\Program Files\JetBrains\IntelliJ IDEA Community Edition 2020.2.3\bin;, COMMONPROGRAMFILES=C:\Program Files\Common Files, COMSPEC=C:\WINDOWS\system32\cmd.exe, JAVACMD=C:\Program Files\Java\jdk1.8.0_271\bin\java.exe, MAVEN_PROJECTBASEDIR=S:\FoodOrderingApplication\Capstone-Backend-Project, PROCESSOR_REVISION=8e09, CLASSWORLDS_LAUNCHER=org.codehaus.plexus.classworlds.launcher.Launcher, TERMINAL_EMULATOR=JetBrains-JediTerm, TEMP=C:\Users\SHUBHA~1\AppData\Local\Temp, HOMEDRIVE=C:, USERPROFILE=C:\Users\Shubham Kumar, TMP=C:\Users\SHUBHA~1\AppData\Local\Temp, NUMBER_OF_PROCESSORS=4, JVMCONFIG=\.mvn\jvm.config, IDEA_INITIAL_DIRECTORY=C:\Program Files\JetBrains\IntelliJ IDEA Community Edition 2020.2.3\bin}}]
15:08:49.610 [main] DEBUG org.springframework.test.context.support.TestPropertySourceUtils - Adding inlined properties to environment: {spring.jmx.enabled=false, org.springframework.boot.test.context.SpringBootTestContextBootstrapper=true, server.port=-1}
15:08:49.610 [main] DEBUG org.springframework.core.env.StandardEnvironment - Adding PropertySource 'Inlined Test Properties' with highest search precedence

  .   ____          _            __ _ _
 /\\ / ___'_ __ _ _(_)_ __  __ _ \ \ \ \
( ( )\___ | '_ | '_| | '_ \/ _` | \ \ \ \
 \\/  ___)| |_)| | | | | || (_| |  ) ) ) )
  '  |____| .__|_| |_|_| |_\__, | / / / /
 =========|_|==============|___/=/_/_/_/
 :: Spring Boot ::        (v2.0.1.RELEASE)

2021-03-30 15:08:50.322  INFO 16996 --- [           main] c.u.F.a.c.CustomerControllerTest         : Starting CustomerControllerTest on DESKTOP-OM1CCRJ with PID 16996 (started by Shubham Kumar in S:\FoodOrderingApplication\Capstone-Backend-Project\FoodOrderingApp-api)
2021-03-30 15:08:50.324  INFO 16996 --- [           main] c.u.F.a.c.CustomerControllerTest         : No active profile set, falling back to default profiles: default
2021-03-30 15:08:50.391  INFO 16996 --- [           main] o.s.w.c.s.GenericWebApplicationContext   : Refreshing org.springframework.web.context.support.GenericWebApplicationContext@7a3793c7: startup date [Tue Mar 30 15:08:50 IST 2021]; root of context hierarchy
2021-03-30 15:08:54.572  INFO 16996 --- [           main] trationDelegate$BeanPostProcessorChecker : Bean 'org.springframework.transaction.annotation.ProxyTransactionManagementConfiguration' of type [org.springframework.transaction.annotation.ProxyTransactionManagementConfiguration$$EnhancerBySpringCGLIB$$7bae2c7a] is not eligible for getting processed by all BeanPostProcessors (for example: not eligible for auto-proxying)
2021-03-30 15:08:55.211  INFO 16996 --- [           main] com.zaxxer.hikari.HikariDataSource       : HikariPool-1 - Starting...
2021-03-30 15:08:55.522  INFO 16996 --- [           main] com.zaxxer.hikari.HikariDataSource       : HikariPool-1 - Start completed.
2021-03-30 15:08:55.664  INFO 16996 --- [           main] j.LocalContainerEntityManagerFactoryBean : Building JPA container EntityManagerFactory for persistence unit 'default'
2021-03-30 15:08:55.718  INFO 16996 --- [           main] o.hibernate.jpa.internal.util.LogHelper  : HHH000204: Processing PersistenceUnitInfo [
	name: default
	...]
2021-03-30 15:08:56.011  INFO 16996 --- [           main] org.hibernate.Version                    : HHH000412: Hibernate Core {5.2.16.Final}
2021-03-30 15:08:56.014  INFO 16996 --- [           main] org.hibernate.cfg.Environment            : HHH000206: hibernate.properties not found
2021-03-30 15:08:56.158  INFO 16996 --- [           main] o.hibernate.annotations.common.Version   : HCANN000001: Hibernate Commons Annotations {5.0.1.Final}
2021-03-30 15:08:56.575  INFO 16996 --- [           main] org.hibernate.dialect.Dialect            : HHH000400: Using dialect: org.hibernate.dialect.PostgreSQL9Dialect
2021-03-30 15:08:56.622  INFO 16996 --- [           main] o.h.e.j.e.i.LobCreatorBuilderImpl        : HHH000422: Disabling contextual LOB creation as connection was null
2021-03-30 15:08:56.629  INFO 16996 --- [           main] org.hibernate.type.BasicTypeRegistry     : HHH000270: Type registration [java.util.UUID] overrides previous : org.hibernate.type.UUIDBinaryType@13d019a4
2021-03-30 15:08:58.190  INFO 16996 --- [           main] o.h.h.i.QueryTranslatorFactoryInitiator  : HHH000397: Using ASTQueryTranslatorFactory
2021-03-30 15:08:58.577  INFO 16996 --- [           main] j.LocalContainerEntityManagerFactoryBean : Initialized JPA EntityManagerFactory for persistence unit 'default'
2021-03-30 15:08:59.588  WARN 16996 --- [           main] aWebConfiguration$JpaWebMvcConfiguration : spring.jpa.open-in-view is enabled by default. Therefore, database queries may be performed during view rendering. Explicitly configure spring.jpa.open-in-view to disable this warning
2021-03-30 15:08:59.732  INFO 16996 --- [           main] s.w.s.m.m.a.RequestMappingHandlerMapping : Mapped "{[/address/customer],methods=[GET],produces=[application/json;charset=UTF-8]}" onto public org.springframework.http.ResponseEntity<com.upgrad.FoodOrderingApp.api.model.AddressListResponse> com.upgrad.FoodOrderingApp.api.controller.AddressController.getAllSavedAddresses(java.lang.String) throws com.upgrad.FoodOrderingApp.service.exception.AuthorizationFailedException
2021-03-30 15:08:59.740  INFO 16996 --- [           main] s.w.s.m.m.a.RequestMappingHandlerMapping : Mapped "{[/address/{address_id}],methods=[DELETE],produces=[application/json;charset=UTF-8]}" onto public org.springframework.http.ResponseEntity<com.upgrad.FoodOrderingApp.api.model.DeleteAddressResponse> com.upgrad.FoodOrderingApp.api.controller.AddressController.deleteSavedAddress(java.lang.String,java.lang.String) throws com.upgrad.FoodOrderingApp.service.exception.AuthorizationFailedException,com.upgrad.FoodOrderingApp.service.exception.AddressNotFoundException
2021-03-30 15:08:59.745  INFO 16996 --- [           main] s.w.s.m.m.a.RequestMappingHandlerMapping : Mapped "{[/states],methods=[GET],produces=[application/json;charset=UTF-8]}" onto public org.springframework.http.ResponseEntity<com.upgrad.FoodOrderingApp.api.model.StatesListResponse> com.upgrad.FoodOrderingApp.api.controller.AddressController.getAllStates()
2021-03-30 15:08:59.747  INFO 16996 --- [           main] s.w.s.m.m.a.RequestMappingHandlerMapping : Mapped "{[/address],methods=[POST],consumes=[application/json],produces=[application/json]}" onto public org.springframework.http.ResponseEntity<com.upgrad.FoodOrderingApp.api.model.SaveAddressResponse> com.upgrad.FoodOrderingApp.api.controller.AddressController.saveAddress(java.lang.String,com.upgrad.FoodOrderingApp.api.model.SaveAddressRequest) throws com.upgrad.FoodOrderingApp.service.exception.AuthorizationFailedException,com.upgrad.FoodOrderingApp.service.exception.AddressNotFoundException,com.upgrad.FoodOrderingApp.service.exception.SaveAddressException
2021-03-30 15:08:59.753  INFO 16996 --- [           main] s.w.s.m.m.a.RequestMappingHandlerMapping : Mapped "{[/category/{category_id}],methods=[GET],produces=[application/json;charset=UTF-8]}" onto public org.springframework.http.ResponseEntity<com.upgrad.FoodOrderingApp.api.model.CategoryDetailsResponse> com.upgrad.FoodOrderingApp.api.controller.CategoryController.getCategoryById(java.lang.String) throws com.upgrad.FoodOrderingApp.service.exception.CategoryNotFoundException
2021-03-30 15:08:59.754  INFO 16996 --- [           main] s.w.s.m.m.a.RequestMappingHandlerMapping : Mapped "{[/category],methods=[GET],produces=[application/json;charset=UTF-8]}" onto public org.springframework.http.ResponseEntity<com.upgrad.FoodOrderingApp.api.model.CategoryListResponse> com.upgrad.FoodOrderingApp.api.controller.CategoryController.getAllCategories()
2021-03-30 15:08:59.758  INFO 16996 --- [           main] s.w.s.m.m.a.RequestMappingHandlerMapping : Mapped "{[/customer],methods=[PUT],consumes=[application/json;charset=UTF-8],produces=[application/json;charset=UTF-8]}" onto public org.springframework.http.ResponseEntity<com.upgrad.FoodOrderingApp.api.model.UpdateCustomerResponse> com.upgrad.FoodOrderingApp.api.controller.CustomerController.update(java.lang.String,com.upgrad.FoodOrderingApp.api.model.UpdateCustomerRequest) throws com.upgrad.FoodOrderingApp.service.exception.UpdateCustomerException,com.upgrad.FoodOrderingApp.service.exception.AuthorizationFailedException
2021-03-30 15:08:59.760  INFO 16996 --- [           main] s.w.s.m.m.a.RequestMappingHandlerMapping : Mapped "{[/customer/login],methods=[POST],produces=[application/json;charset=UTF-8]}" onto public org.springframework.http.ResponseEntity<com.upgrad.FoodOrderingApp.api.model.LoginResponse> com.upgrad.FoodOrderingApp.api.controller.CustomerController.login(java.lang.String) throws com.upgrad.FoodOrderingApp.service.exception.AuthenticationFailedException
2021-03-30 15:08:59.762  INFO 16996 --- [           main] s.w.s.m.m.a.RequestMappingHandlerMapping : Mapped "{[/customer/logout],methods=[POST],produces=[application/json;charset=UTF-8]}" onto public org.springframework.http.ResponseEntity<com.upgrad.FoodOrderingApp.api.model.LogoutResponse> com.upgrad.FoodOrderingApp.api.controller.CustomerController.logout(java.lang.String) throws com.upgrad.FoodOrderingApp.service.exception.AuthorizationFailedException
2021-03-30 15:08:59.763  INFO 16996 --- [           main] s.w.s.m.m.a.RequestMappingHandlerMapping : Mapped "{[/customer/password],methods=[PUT],consumes=[application/json;charset=UTF-8],produces=[application/json;charset=UTF-8]}" onto public org.springframework.http.ResponseEntity<com.upgrad.FoodOrderingApp.api.model.UpdatePasswordResponse> com.upgrad.FoodOrderingApp.api.controller.CustomerController.changePassword(java.lang.String,com.upgrad.FoodOrderingApp.api.model.UpdatePasswordRequest) throws com.upgrad.FoodOrderingApp.service.exception.UpdateCustomerException,com.upgrad.FoodOrderingApp.service.exception.AuthorizationFailedException,com.upgrad.FoodOrderingApp.service.exception.SignUpRestrictedException
2021-03-30 15:08:59.764  INFO 16996 --- [           main] s.w.s.m.m.a.RequestMappingHandlerMapping : Mapped "{[/customer/signup],methods=[POST],consumes=[application/json;charset=UTF-8],produces=[application/json;charset=UTF-8]}" onto public org.springframework.http.ResponseEntity<com.upgrad.FoodOrderingApp.api.model.SignupCustomerResponse> com.upgrad.FoodOrderingApp.api.controller.CustomerController.signup(com.upgrad.FoodOrderingApp.api.model.SignupCustomerRequest) throws com.upgrad.FoodOrderingApp.service.exception.SignUpRestrictedException
2021-03-30 15:08:59.766  INFO 16996 --- [           main] s.w.s.m.m.a.RequestMappingHandlerMapping : Mapped "{[/item/restaurant/{restaurant_id}],methods=[GET],produces=[application/json;charset=UTF-8]}" onto public org.springframework.http.ResponseEntity<java.util.List<com.upgrad.FoodOrderingApp.api.model.ItemList>> com.upgrad.FoodOrderingApp.api.controller.ItemController.getTop5ItemsByPopularity(java.lang.String) throws com.upgrad.FoodOrderingApp.service.exception.RestaurantNotFoundException
2021-03-30 15:08:59.769  INFO 16996 --- [           main] s.w.s.m.m.a.RequestMappingHandlerMapping : Mapped "{[/order],methods=[GET],produces=[application/json;charset=UTF-8]}" onto public org.springframework.http.ResponseEntity<com.upgrad.FoodOrderingApp.api.model.CustomerOrderResponse> com.upgrad.FoodOrderingApp.api.controller.OrderController.getPastOrdersOfUser(java.lang.String) throws com.upgrad.FoodOrderingApp.service.exception.AuthorizationFailedException
2021-03-30 15:08:59.770  INFO 16996 --- [           main] s.w.s.m.m.a.RequestMappingHandlerMapping : Mapped "{[/order/coupon/{coupon_name}],methods=[GET],produces=[application/json;charset=UTF-8]}" onto public org.springframework.http.ResponseEntity<com.upgrad.FoodOrderingApp.api.model.CouponDetailsResponse> com.upgrad.FoodOrderingApp.api.controller.OrderController.getCouponByCouponName(java.lang.String,java.lang.String) throws com.upgrad.FoodOrderingApp.service.exception.AuthorizationFailedException,com.upgrad.FoodOrderingApp.service.exception.CouponNotFoundException
2021-03-30 15:08:59.771  INFO 16996 --- [           main] s.w.s.m.m.a.RequestMappingHandlerMapping : Mapped "{[/order],methods=[POST]}" onto public org.springframework.http.ResponseEntity<com.upgrad.FoodOrderingApp.api.model.SaveOrderResponse> com.upgrad.FoodOrderingApp.api.controller.OrderController.saveOrder(java.lang.String,com.upgrad.FoodOrderingApp.api.model.SaveOrderRequest) throws com.upgrad.FoodOrderingApp.service.exception.AuthorizationFailedException,com.upgrad.FoodOrderingApp.service.exception.CouponNotFoundException,com.upgrad.FoodOrderingApp.service.exception.AddressNotFoundException,com.upgrad.FoodOrderingApp.service.exception.PaymentMethodNotFoundException,com.upgrad.FoodOrderingApp.service.exception.RestaurantNotFoundException,com.upgrad.FoodOrderingApp.service.exception.ItemNotFoundException
2021-03-30 15:08:59.776  INFO 16996 --- [           main] s.w.s.m.m.a.RequestMappingHandlerMapping : Mapped "{[/payment],methods=[GET],produces=[application/json;charset=UTF-8]}" onto public org.springframework.http.ResponseEntity<com.upgrad.FoodOrderingApp.api.model.PaymentListResponse> com.upgrad.FoodOrderingApp.api.controller.PaymentController.getPaymentMethods()
2021-03-30 15:08:59.782  INFO 16996 --- [           main] s.w.s.m.m.a.RequestMappingHandlerMapping : Mapped "{[/api/restaurant/{restaurant_id}],methods=[GET],produces=[application/json;charset=UTF-8]}" onto public org.springframework.http.ResponseEntity<com.upgrad.FoodOrderingApp.api.model.RestaurantDetailsResponse> com.upgrad.FoodOrderingApp.api.controller.RestaurantController.getRestaurantByRestaurantID(java.lang.String) throws com.upgrad.FoodOrderingApp.service.exception.RestaurantNotFoundException
2021-03-30 15:08:59.783  INFO 16996 --- [           main] s.w.s.m.m.a.RequestMappingHandlerMapping : Mapped "{[/restaurant/category/{category_id}],methods=[GET],produces=[application/json;charset=UTF-8]}" onto public org.springframework.http.ResponseEntity<com.upgrad.FoodOrderingApp.api.model.RestaurantListResponse> com.upgrad.FoodOrderingApp.api.controller.RestaurantController.getRestaurantsByCategoryId(java.lang.String) throws com.upgrad.FoodOrderingApp.service.exception.CategoryNotFoundException
2021-03-30 15:08:59.784  INFO 16996 --- [           main] s.w.s.m.m.a.RequestMappingHandlerMapping : Mapped "{[/api/restaurant/{restaurant_id}],methods=[PUT],produces=[application/json;charset=UTF-8]}" onto public org.springframework.http.ResponseEntity<com.upgrad.FoodOrderingApp.api.model.RestaurantUpdatedResponse> com.upgrad.FoodOrderingApp.api.controller.RestaurantController.updateRestaurantDetails(java.lang.String,java.lang.Double,java.lang.String) throws com.upgrad.FoodOrderingApp.service.exception.AuthorizationFailedException,com.upgrad.FoodOrderingApp.service.exception.RestaurantNotFoundException,com.upgrad.FoodOrderingApp.service.exception.InvalidRatingException
2021-03-30 15:08:59.785  INFO 16996 --- [           main] s.w.s.m.m.a.RequestMappingHandlerMapping : Mapped "{[/restaurant],methods=[GET],produces=[application/json;charset=UTF-8]}" onto public org.springframework.http.ResponseEntity<com.upgrad.FoodOrderingApp.api.model.RestaurantListResponse> com.upgrad.FoodOrderingApp.api.controller.RestaurantController.getAllRestaurants()
2021-03-30 15:08:59.785  INFO 16996 --- [           main] s.w.s.m.m.a.RequestMappingHandlerMapping : Mapped "{[/restaurant/name/{restaurant_name}],methods=[GET],produces=[application/json;charset=UTF-8]}" onto public org.springframework.http.ResponseEntity<com.upgrad.FoodOrderingApp.api.model.RestaurantListResponse> com.upgrad.FoodOrderingApp.api.controller.RestaurantController.getRestaurantsByName(java.lang.String) throws com.upgrad.FoodOrderingApp.service.exception.RestaurantNotFoundException
2021-03-30 15:08:59.787  INFO 16996 --- [           main] s.w.s.m.m.a.RequestMappingHandlerMapping : Mapped "{[/v2/api-docs],methods=[GET],produces=[application/json || application/hal+json]}" onto public org.springframework.http.ResponseEntity<springfox.documentation.spring.web.json.Json> springfox.documentation.swagger2.web.Swagger2Controller.getDocumentation(java.lang.String,javax.servlet.http.HttpServletRequest)
2021-03-30 15:08:59.791  INFO 16996 --- [           main] s.w.s.m.m.a.RequestMappingHandlerMapping : Mapped "{[/swagger-resources/configuration/ui]}" onto org.springframework.http.ResponseEntity<springfox.documentation.swagger.web.UiConfiguration> springfox.documentation.swagger.web.ApiResourceController.uiConfiguration()
2021-03-30 15:08:59.792  INFO 16996 --- [           main] s.w.s.m.m.a.RequestMappingHandlerMapping : Mapped "{[/swagger-resources/configuration/security]}" onto org.springframework.http.ResponseEntity<springfox.documentation.swagger.web.SecurityConfiguration> springfox.documentation.swagger.web.ApiResourceController.securityConfiguration()
2021-03-30 15:08:59.793  INFO 16996 --- [           main] s.w.s.m.m.a.RequestMappingHandlerMapping : Mapped "{[/swagger-resources]}" onto org.springframework.http.ResponseEntity<java.util.List<springfox.documentation.swagger.web.SwaggerResource>> springfox.documentation.swagger.web.ApiResourceController.swaggerResources()
2021-03-30 15:08:59.802  INFO 16996 --- [           main] s.w.s.m.m.a.RequestMappingHandlerMapping : Mapped "{[/error]}" onto public org.springframework.http.ResponseEntity<java.util.Map<java.lang.String, java.lang.Object>> org.springframework.boot.autoconfigure.web.servlet.error.BasicErrorController.error(javax.servlet.http.HttpServletRequest)
2021-03-30 15:08:59.803  INFO 16996 --- [           main] s.w.s.m.m.a.RequestMappingHandlerMapping : Mapped "{[/error],produces=[text/html]}" onto public org.springframework.web.servlet.ModelAndView org.springframework.boot.autoconfigure.web.servlet.error.BasicErrorController.errorHtml(javax.servlet.http.HttpServletRequest,javax.servlet.http.HttpServletResponse)
2021-03-30 15:09:00.493  INFO 16996 --- [           main] o.s.w.s.handler.SimpleUrlHandlerMapping  : Mapped URL path [/**/favicon.ico] onto handler of type [class org.springframework.web.servlet.resource.ResourceHttpRequestHandler]
2021-03-30 15:09:00.906  INFO 16996 --- [           main] s.w.s.m.m.a.RequestMappingHandlerAdapter : Looking for @ControllerAdvice: org.springframework.web.context.support.GenericWebApplicationContext@7a3793c7: startup date [Tue Mar 30 15:08:50 IST 2021]; root of context hierarchy
2021-03-30 15:09:01.032  INFO 16996 --- [           main] o.s.w.s.handler.SimpleUrlHandlerMapping  : Mapped URL path [/webjars/**] onto handler of type [class org.springframework.web.servlet.resource.ResourceHttpRequestHandler]
2021-03-30 15:09:01.032  INFO 16996 --- [           main] o.s.w.s.handler.SimpleUrlHandlerMapping  : Mapped URL path [/**] onto handler of type [class org.springframework.web.servlet.resource.ResourceHttpRequestHandler]
2021-03-30 15:09:01.057  INFO 16996 --- [           main] .m.m.a.ExceptionHandlerExceptionResolver : Detected @ExceptionHandler methods in addressNotFoundExceptionAspect
2021-03-30 15:09:01.058  INFO 16996 --- [           main] .m.m.a.ExceptionHandlerExceptionResolver : Detected @ExceptionHandler methods in authenticationFailedExceptionAspect
2021-03-30 15:09:01.058  INFO 16996 --- [           main] .m.m.a.ExceptionHandlerExceptionResolver : Detected @ExceptionHandler methods in authorizationFailedExceptionAspect
2021-03-30 15:09:01.058  INFO 16996 --- [           main] .m.m.a.ExceptionHandlerExceptionResolver : Detected @ExceptionHandler methods in saveAddressExceptionAspect
2021-03-30 15:09:01.058  INFO 16996 --- [           main] .m.m.a.ExceptionHandlerExceptionResolver : Detected @ExceptionHandler methods in signUpRestrictedExceptionAspect
2021-03-30 15:09:01.058  INFO 16996 --- [           main] .m.m.a.ExceptionHandlerExceptionResolver : Detected @ExceptionHandler methods in updateCustomerExceptionAspect
2021-03-30 15:09:02.107  INFO 16996 --- [           main] o.s.b.t.m.w.SpringBootMockServletContext : Initializing Spring FrameworkServlet ''
2021-03-30 15:09:02.107  INFO 16996 --- [           main] o.s.t.web.servlet.TestDispatcherServlet  : FrameworkServlet '': initialization started
2021-03-30 15:09:02.136  INFO 16996 --- [           main] o.s.t.web.servlet.TestDispatcherServlet  : FrameworkServlet '': initialization completed in 28 ms
2021-03-30 15:09:02.299  INFO 16996 --- [           main] o.s.c.support.DefaultLifecycleProcessor  : Starting beans in phase 2147483647
2021-03-30 15:09:02.306  INFO 16996 --- [           main] d.s.w.p.DocumentationPluginsBootstrapper : Context refreshed
2021-03-30 15:09:02.371  INFO 16996 --- [           main] d.s.w.p.DocumentationPluginsBootstrapper : Found 1 custom documentation plugin(s)
2021-03-30 15:09:02.413  INFO 16996 --- [           main] s.d.s.w.s.ApiListingReferenceScanner     : Scanning for api listing references
2021-03-30 15:09:03.432  INFO 16996 --- [           main] c.u.F.a.c.CustomerControllerTest         : Started CustomerControllerTest in 13.792 seconds (JVM running for 15.78)
]]></system-out>
  </testcase>
</testsuite>