# JRE version: Java(TM) SE Runtime Environment (8.0_271-b09) (build 1.8.0_271-b09)
# Java VM: Java HotSpot(TM) 64-Bit Server VM (25.271-b09 mixed mode windows-amd64 compressed oops)
Heap:
 PSYoungGen      total 218112K, used 25744K [0x00000000d5c00000, 0x00000000e7c00000, 0x0000000100000000)
  eden space 185344K, 7% used [0x00000000d5c00000,0x00000000d6a30490,0x00000000e1100000)
  from space 32768K, 34% used [0x00000000e5c00000,0x00000000e66f3c70,0x00000000e7c00000)
  to   space 30208K, 0% used [0x00000000e1100000,0x00000000e1100000,0x00000000e2e80000)
 ParOldGen       total 73728K, used 32774K [0x0000000081400000, 0x0000000085c00000, 0x00000000d5c00000)
  object space 73728K, 44% used [0x0000000081400000,0x0000000083401ab0,0x0000000085c00000)
 Metaspace       used 35691K, capacity 36518K, committed 36648K, reserved 1081344K
  class space    used 4043K, capacity 4270K, committed 4392K, reserved 1048576K
GC Heap History (10 events):
Event: 5.480 GC heap before
{Heap before GC invocations=7 (full 1):
 PSYoungGen      total 144896K, used 6988K [0x00000000d5c00000, 0x00000000df600000, 0x0000000100000000)
  eden space 133120K, 0% used [0x00000000d5c00000,0x00000000d5c00000,0x00000000dde00000)
  from space 11776K, 59% used [0x00000000dea80000,0x00000000df153240,0x00000000df600000)
  to   space 12288K, 0% used [0x00000000dde00000,0x00000000dde00000,0x00000000dea00000)
 ParOldGen       total 87552K, used 15807K [0x0000000081400000, 0x0000000086980000, 0x00000000d5c00000)
  object space 87552K, 18% used [0x0000000081400000,0x000000008236fd98,0x0000000086980000)
 Metaspace       used 20681K, capacity 21070K, committed 21296K, reserved 1069056K
  class space    used 2466K, capacity 2589K, committed 2688K, reserved 1048576K
Event: 5.602 GC heap after
Heap after GC invocations=7 (full 1):
 PSYoungGen      total 144896K, used 0K [0x00000000d5c00000, 0x00000000df600000, 0x0000000100000000)
  eden space 133120K, 0% used [0x00000000d5c00000,0x00000000d5c00000,0x00000000dde00000)
  from space 11776K, 0% used [0x00000000dea80000,0x00000000dea80000,0x00000000df600000)
  to   space 12288K, 0% used [0x00000000dde00000,0x00000000dde00000,0x00000000dea00000)
 ParOldGen       total 73728K, used 15716K [0x0000000081400000, 0x0000000085c00000, 0x00000000d5c00000)
  object space 73728K, 21% used [0x0000000081400000,0x0000000082359080,0x0000000085c00000)
 Metaspace       used 20681K, capacity 21070K, committed 21296K, reserved 1069056K
  class space    used 2466K, capacity 2589K, committed 2688K, reserved 1048576K
}
Event: 10.973 GC heap before
{Heap before GC invocations=8 (full 1):
 PSYoungGen      total 144896K, used 131064K [0x00000000d5c00000, 0x00000000df600000, 0x0000000100000000)
  eden space 133120K, 98% used [0x00000000d5c00000,0x00000000ddbfe3d0,0x00000000dde00000)
  from space 11776K, 0% used [0x00000000dea80000,0x00000000dea80000,0x00000000df600000)
  to   space 12288K, 0% used [0x00000000dde00000,0x00000000dde00000,0x00000000dea00000)
 ParOldGen       total 73728K, used 15716K [0x0000000081400000, 0x0000000085c00000, 0x00000000d5c00000)
  object space 73728K, 21% used [0x0000000081400000,0x0000000082359080,0x0000000085c00000)
 Metaspace       used 25669K, capacity 26230K, committed 26496K, reserved 1073152K
  class space    used 2990K, capacity 3152K, committed 3200K, reserved 1048576K
Event: 11.024 GC heap after
Heap after GC invocations=8 (full 1):
 PSYoungGen      total 145408K, used 12266K [0x00000000d5c00000, 0x00000000e4500000, 0x0000000100000000)
  eden space 133120K, 0% used [0x00000000d5c00000,0x00000000d5c00000,0x00000000dde00000)
  from space 12288K, 99% used [0x00000000dde00000,0x00000000de9fa970,0x00000000dea00000)
  to   space 23040K, 0% used [0x00000000e2e80000,0x00000000e2e80000,0x00000000e4500000)
 ParOldGen       total 73728K, used 33899K [0x0000000081400000, 0x0000000085c00000, 0x00000000d5c00000)
  object space 73728K, 45% used [0x0000000081400000,0x000000008351ac28,0x0000000085c00000)
 Metaspace       used 25669K, capacity 26230K, committed 26496K, reserved 1073152K
  class space    used 2990K, capacity 3152K, committed 3200K, reserved 1048576K
}
Event: 14.256 GC heap before
{Heap before GC invocations=9 (full 1):
 PSYoungGen      total 145408K, used 145386K [0x00000000d5c00000, 0x00000000e4500000, 0x0000000100000000)
  eden space 133120K, 100% used [0x00000000d5c00000,0x00000000dde00000,0x00000000dde00000)
  from space 12288K, 99% used [0x00000000dde00000,0x00000000de9fa970,0x00000000dea00000)
  to   space 23040K, 0% used [0x00000000e2e80000,0x00000000e2e80000,0x00000000e4500000)
 ParOldGen       total 73728K, used 33899K [0x0000000081400000, 0x0000000085c00000, 0x00000000d5c00000)
  object space 73728K, 45% used [0x0000000081400000,0x000000008351ac28,0x0000000085c00000)
 Metaspace       used 33402K, capacity 34036K, committed 34304K, reserved 1079296K
  class space    used 3885K, capacity 4091K, committed 4096K, reserved 1048576K
Event: 14.301 GC heap after
Heap after GC invocations=9 (full 1):
 PSYoungGen      total 208384K, used 23037K [0x00000000d5c00000, 0x00000000e5100000, 0x0000000100000000)
  eden space 185344K, 0% used [0x00000000d5c00000,0x00000000d5c00000,0x00000000e1100000)
  from space 23040K, 99% used [0x00000000e2e80000,0x00000000e44ff4f8,0x00000000e4500000)
  to   space 30208K, 0% used [0x00000000e1100000,0x00000000e1100000,0x00000000e2e80000)
 ParOldGen       total 73728K, used 41842K [0x0000000081400000, 0x0000000085c00000, 0x00000000d5c00000)
  object space 73728K, 56% used [0x0000000081400000,0x0000000083cdcb70,0x0000000085c00000)
 Metaspace       used 33402K, capacity 34036K, committed 34304K, reserved 1079296K
  class space    used 3885K, capacity 4091K, committed 4096K, reserved 1048576K
}
Event: 17.534 GC heap before
{Heap before GC invocations=10 (full 1):
 PSYoungGen      total 208384K, used 80506K [0x00000000d5c00000, 0x00000000e5100000, 0x0000000100000000)
  eden space 185344K, 31% used [0x00000000d5c00000,0x00000000d941f6e8,0x00000000e1100000)
  from space 23040K, 99% used [0x00000000e2e80000,0x00000000e44ff4f8,0x00000000e4500000)
  to   space 30208K, 0% used [0x00000000e1100000,0x00000000e1100000,0x00000000e2e80000)
 ParOldGen       total 73728K, used 41842K [0x0000000081400000, 0x0000000085c00000, 0x00000000d5c00000)
  object space 73728K, 56% used [0x0000000081400000,0x0000000083cdcb70,0x0000000085c00000)
 Metaspace       used 34619K, capacity 35408K, committed 35496K, reserved 1081344K
  class space    used 4009K, capacity 4229K, committed 4264K, reserved 1048576K
Event: 17.557 GC heap after
Heap after GC invocations=10 (full 1):
 PSYoungGen      total 215552K, used 24546K [0x00000000d5c00000, 0x00000000e7c00000, 0x0000000100000000)
  eden space 185344K, 0% used [0x00000000d5c00000,0x00000000d5c00000,0x00000000e1100000)
  from space 30208K, 81% used [0x00000000e1100000,0x00000000e28f8940,0x00000000e2e80000)
  to   space 32768K, 0% used [0x00000000e5c00000,0x00000000e5c00000,0x00000000e7c00000)
 ParOldGen       total 73728K, used 41850K [0x0000000081400000, 0x0000000085c00000, 0x00000000d5c00000)
  object space 73728K, 56% used [0x0000000081400000,0x0000000083cdeb70,0x0000000085c00000)
 Metaspace       used 34619K, capacity 35408K, committed 35496K, reserved 1081344K
  class space    used 4009K, capacity 4229K, committed 4264K, reserved 1048576K
}
Event: 17.557 GC heap before
{Heap before GC invocations=11 (full 2):
 PSYoungGen      total 215552K, used 24546K [0x00000000d5c00000, 0x00000000e7c00000, 0x0000000100000000)
  eden space 185344K, 0% used [0x00000000d5c00000,0x00000000d5c00000,0x00000000e1100000)
  from space 30208K, 81% used [0x00000000e1100000,0x00000000e28f8940,0x00000000e2e80000)
  to   space 32768K, 0% used [0x00000000e5c00000,0x00000000e5c00000,0x00000000e7c00000)
 ParOldGen       total 73728K, used 41850K [0x0000000081400000, 0x0000000085c00000, 0x00000000d5c00000)
  object space 73728K, 56% used [0x0000000081400000,0x0000000083cdeb70,0x0000000085c00000)
 Metaspace       used 34619K, capacity 35408K, committed 35496K, reserved 1081344K
  class space    used 4009K, capacity 4229K, committed 4264K, reserved 1048576K
Event: 17.676 GC heap after
Heap after GC invocations=11 (full 2):
 PSYoungGen      total 215552K, used 0K [0x00000000d5c00000, 0x00000000e7c00000, 0x0000000100000000)
  eden space 185344K, 0% used [0x00000000d5c00000,0x00000000d5c00000,0x00000000e1100000)
  from space 30208K, 0% used [0x00000000e1100000,0x00000000e1100000,0x00000000e2e80000)
  to   space 32768K, 0% used [0x00000000e5c00000,0x00000000e5c00000,0x00000000e7c00000)
 ParOldGen       total 73728K, used 32766K [0x0000000081400000, 0x0000000085c00000, 0x00000000d5c00000)
  object space 73728K, 44% used [0x0000000081400000,0x00000000833ffab0,0x0000000085c00000)
 Metaspace       used 34619K, capacity 35408K, committed 35496K, reserved 1081344K
  class space    used 4009K, capacity 4229K, committed 4264K, reserved 1048576K
}

